09:21:52.743  INFO  manager.TestNgMyListener - onStart(ISuite suite)
09:21:56.674  INFO  manager.ApplicationManager - Tests start in ChromeDriver
09:21:57.558  INFO  manager.ApplicationManager - The lint is --> https://contacts-app.tobbymarshall815.vercel.app/home
09:21:57.564  INFO  manager.TestNgMyListener - onStartGradle test
09:21:57.616  INFO  tests.TestBase - Start test --->addNewContactSuccess
09:21:57.618  INFO  manager.MyListener - 'Start find' element ---> By.xpath: //button[text()='Sign Out']
09:22:02.651  INFO  manager.MyListener - The element with locator ---> By.xpath: //button[text()='Sign Out'] <--- was found
09:22:02.652  INFO  manager.MyListener - 'Start find' element ---> By.cssSelector: [href='/login']
09:22:02.686  INFO  manager.MyListener - The element with locator ---> By.cssSelector: [href='/login'] <--- was found
09:22:02.825  INFO  manager.MyListener - 'Start find' element ---> By.xpath: //input[1]
09:22:02.855  INFO  manager.MyListener - The element with locator ---> By.xpath: //input[1] <--- was found
09:22:03.305  INFO  manager.MyListener - 'Start find' element ---> By.xpath: //input[2]
09:22:03.340  INFO  manager.MyListener - The element with locator ---> By.xpath: //input[2] <--- was found
09:22:03.489  INFO  manager.MyListener - 'Start find' element ---> By.xpath: //*[text()=' Login']
09:22:03.508  INFO  manager.MyListener - The element with locator ---> By.xpath: //*[text()=' Login'] <--- was found
09:22:03.559  INFO  manager.TestNgMyListener - onTestStartnull
09:22:03.561  INFO  manager.MyListener - 'Start find' element ---> By.cssSelector: [href='/add']
09:22:04.157  INFO  manager.MyListener - The element with locator ---> By.cssSelector: [href='/add'] <--- was found
09:22:04.291  INFO  manager.MyListener - 'Start find' element ---> By.cssSelector: [placeholder='Name']
09:22:04.316  INFO  manager.MyListener - The element with locator ---> By.cssSelector: [placeholder='Name'] <--- was found
09:22:04.555  INFO  manager.MyListener - 'Start find' element ---> By.cssSelector: [placeholder='Last Name']
09:22:04.578  INFO  manager.MyListener - The element with locator ---> By.cssSelector: [placeholder='Last Name'] <--- was found
09:22:04.700  INFO  manager.MyListener - 'Start find' element ---> By.cssSelector: [placeholder='Phone']
09:22:04.720  INFO  manager.MyListener - The element with locator ---> By.cssSelector: [placeholder='Phone'] <--- was found
09:22:04.842  INFO  manager.MyListener - 'Start find' element ---> By.cssSelector: [placeholder='email']
09:22:04.860  INFO  manager.MyListener - The element with locator ---> By.cssSelector: [placeholder='email'] <--- was found
09:22:05.025  INFO  manager.MyListener - 'Start find' element ---> By.cssSelector: [placeholder='Address']
09:22:05.050  INFO  manager.MyListener - The element with locator ---> By.cssSelector: [placeholder='Address'] <--- was found
09:22:05.179  INFO  manager.MyListener - 'Start find' element ---> By.cssSelector: [placeholder='description']
09:22:05.206  INFO  manager.MyListener - The element with locator ---> By.cssSelector: [placeholder='description'] <--- was found
09:22:05.439  INFO  manager.MyListener - 'Start find' element ---> By.cssSelector: b
09:22:05.461  INFO  manager.MyListener - The element with locator ---> By.cssSelector: b <--- was found
09:22:05.538  INFO  manager.MyListener - 'Start find' element ---> By.cssSelector: h2
09:22:05.856  INFO  manager.MyListener - The element with locator ---> By.cssSelector: h2 <--- was found
09:22:06.010  INFO  manager.MyListener - 'Start find' element ---> By.cssSelector: h3
09:22:06.025  INFO  manager.MyListener - The element with locator ---> By.cssSelector: h3 <--- was found
09:22:06.191  INFO  tests.TestBase - Start test --->addNewContactSuccessDataProviderCSV
09:22:06.192  INFO  manager.MyListener - 'Start find' element ---> By.xpath: //button[text()='Sign Out']
09:22:06.217  INFO  manager.MyListener - The element with locator ---> By.xpath: //button[text()='Sign Out'] <--- was found
09:22:06.219  INFO  manager.TestNgMyListener - onTestStartnull
09:22:06.221  INFO  tests.TestBase - Test start with contactContact(name=Mona, lastName=Dow, phone=null, email=null, address=Haifa, description=friend)
09:22:06.222  INFO  manager.MyListener - 'Start find' element ---> By.cssSelector: [href='/add']
09:22:06.371  INFO  manager.MyListener - The element with locator ---> By.cssSelector: [href='/add'] <--- was found
09:22:06.441  INFO  manager.MyListener - 'Start find' element ---> By.cssSelector: [placeholder='Name']
09:22:06.486  INFO  manager.MyListener - The element with locator ---> By.cssSelector: [placeholder='Name'] <--- was found
09:22:06.673  INFO  manager.MyListener - 'Start find' element ---> By.cssSelector: [placeholder='Last Name']
09:22:06.692  INFO  manager.MyListener - The element with locator ---> By.cssSelector: [placeholder='Last Name'] <--- was found
09:22:06.822  INFO  manager.MyListener - 'Start find' element ---> By.cssSelector: [placeholder='Phone']
09:22:06.835  INFO  manager.MyListener - The element with locator ---> By.cssSelector: [placeholder='Phone'] <--- was found
09:22:06.990  INFO  manager.MyListener - 'Start find' element ---> By.cssSelector: [placeholder='email']
09:22:07.004  INFO  manager.MyListener - The element with locator ---> By.cssSelector: [placeholder='email'] <--- was found
09:22:07.210  INFO  manager.MyListener - 'Start find' element ---> By.cssSelector: [placeholder='Address']
09:22:07.227  INFO  manager.MyListener - The element with locator ---> By.cssSelector: [placeholder='Address'] <--- was found
09:22:07.387  INFO  manager.MyListener - 'Start find' element ---> By.cssSelector: [placeholder='description']
09:22:07.399  INFO  manager.MyListener - The element with locator ---> By.cssSelector: [placeholder='description'] <--- was found
09:22:07.542  INFO  manager.MyListener - 'Start find' element ---> By.cssSelector: b
09:22:07.556  INFO  manager.MyListener - The element with locator ---> By.cssSelector: b <--- was found
09:22:07.636  INFO  manager.MyListener - 'Start find' element ---> By.cssSelector: h2
09:22:07.879  INFO  manager.MyListener - The element with locator ---> By.cssSelector: h2 <--- was found
09:22:07.973  INFO  manager.MyListener - 'Start find' element ---> By.cssSelector: h3
09:22:08.011  INFO  manager.MyListener - The element with locator ---> By.cssSelector: h3 <--- was found
09:22:08.138  INFO  tests.TestBase - Start test --->addNewContactSuccessDataProviderCSV
09:22:08.139  INFO  manager.MyListener - 'Start find' element ---> By.xpath: //button[text()='Sign Out']
09:22:08.147  INFO  manager.MyListener - The element with locator ---> By.xpath: //button[text()='Sign Out'] <--- was found
09:22:08.148  INFO  manager.TestNgMyListener - onTestStartnull
09:22:08.148  INFO  tests.TestBase - Test start with contactContact(name=John, lastName=Wick, phone=null, email=null, address=Rehovot,Israel, description=friend)
09:22:08.148  INFO  manager.MyListener - 'Start find' element ---> By.cssSelector: [href='/add']
09:22:08.156  INFO  manager.MyListener - The element with locator ---> By.cssSelector: [href='/add'] <--- was found
09:22:08.201  INFO  manager.MyListener - 'Start find' element ---> By.cssSelector: [placeholder='Name']
09:22:08.211  INFO  manager.MyListener - The element with locator ---> By.cssSelector: [placeholder='Name'] <--- was found
09:22:08.421  INFO  manager.MyListener - 'Start find' element ---> By.cssSelector: [placeholder='Last Name']
09:22:08.436  INFO  manager.MyListener - The element with locator ---> By.cssSelector: [placeholder='Last Name'] <--- was found
09:22:08.579  INFO  manager.MyListener - 'Start find' element ---> By.cssSelector: [placeholder='Phone']
09:22:08.590  INFO  manager.MyListener - The element with locator ---> By.cssSelector: [placeholder='Phone'] <--- was found
09:22:08.773  INFO  manager.MyListener - 'Start find' element ---> By.cssSelector: [placeholder='email']
09:22:08.789  INFO  manager.MyListener - The element with locator ---> By.cssSelector: [placeholder='email'] <--- was found
09:22:08.958  INFO  manager.MyListener - 'Start find' element ---> By.cssSelector: [placeholder='Address']
09:22:08.973  INFO  manager.MyListener - The element with locator ---> By.cssSelector: [placeholder='Address'] <--- was found
09:22:09.124  INFO  manager.MyListener - 'Start find' element ---> By.cssSelector: [placeholder='description']
09:22:09.142  INFO  manager.MyListener - The element with locator ---> By.cssSelector: [placeholder='description'] <--- was found
09:22:09.282  INFO  manager.MyListener - 'Start find' element ---> By.cssSelector: b
09:22:09.301  INFO  manager.MyListener - The element with locator ---> By.cssSelector: b <--- was found
09:22:09.344  INFO  manager.MyListener - 'Start find' element ---> By.cssSelector: h2
09:22:09.644  INFO  manager.MyListener - The element with locator ---> By.cssSelector: h2 <--- was found
09:22:09.740  INFO  manager.MyListener - 'Start find' element ---> By.cssSelector: h3
09:22:09.749  INFO  manager.MyListener - The element with locator ---> By.cssSelector: h3 <--- was found
09:22:09.874  INFO  tests.TestBase - Start test --->addNewContactSuccessDataProviderCSV
09:22:09.875  INFO  manager.MyListener - 'Start find' element ---> By.xpath: //button[text()='Sign Out']
09:22:09.883  INFO  manager.MyListener - The element with locator ---> By.xpath: //button[text()='Sign Out'] <--- was found
09:22:09.884  INFO  manager.TestNgMyListener - onTestStartnull
09:22:09.884  INFO  tests.TestBase - Test start with contactContact(name=Mona, lastName=Dow, phone=null, email=null, address=Haifa, description=friend)
09:22:09.885  INFO  manager.MyListener - 'Start find' element ---> By.cssSelector: [href='/add']
09:22:09.893  INFO  manager.MyListener - The element with locator ---> By.cssSelector: [href='/add'] <--- was found
09:22:09.927  INFO  manager.MyListener - 'Start find' element ---> By.cssSelector: [placeholder='Name']
09:22:09.959  INFO  manager.MyListener - The element with locator ---> By.cssSelector: [placeholder='Name'] <--- was found
09:22:10.152  INFO  manager.MyListener - 'Start find' element ---> By.cssSelector: [placeholder='Last Name']
09:22:10.171  INFO  manager.MyListener - The element with locator ---> By.cssSelector: [placeholder='Last Name'] <--- was found
09:22:10.324  INFO  manager.MyListener - 'Start find' element ---> By.cssSelector: [placeholder='Phone']
09:22:10.336  INFO  manager.MyListener - The element with locator ---> By.cssSelector: [placeholder='Phone'] <--- was found
09:22:10.484  INFO  manager.MyListener - 'Start find' element ---> By.cssSelector: [placeholder='email']
09:22:10.492  INFO  manager.MyListener - The element with locator ---> By.cssSelector: [placeholder='email'] <--- was found
09:22:10.662  INFO  manager.MyListener - 'Start find' element ---> By.cssSelector: [placeholder='Address']
09:22:10.682  INFO  manager.MyListener - The element with locator ---> By.cssSelector: [placeholder='Address'] <--- was found
09:22:10.805  INFO  manager.MyListener - 'Start find' element ---> By.cssSelector: [placeholder='description']
09:22:10.821  INFO  manager.MyListener - The element with locator ---> By.cssSelector: [placeholder='description'] <--- was found
09:22:10.951  INFO  manager.MyListener - 'Start find' element ---> By.cssSelector: b
09:22:10.960  INFO  manager.MyListener - The element with locator ---> By.cssSelector: b <--- was found
09:22:11.008  INFO  manager.MyListener - 'Start find' element ---> By.cssSelector: h2
09:22:11.292  INFO  manager.MyListener - The element with locator ---> By.cssSelector: h2 <--- was found
09:22:11.390  INFO  manager.MyListener - 'Start find' element ---> By.cssSelector: h3
09:22:11.399  INFO  manager.MyListener - The element with locator ---> By.cssSelector: h3 <--- was found
09:22:11.521  INFO  tests.TestBase - Start test --->addNewContactSuccessDataProviderCSV
09:22:11.522  INFO  manager.MyListener - 'Start find' element ---> By.xpath: //button[text()='Sign Out']
09:22:11.531  INFO  manager.MyListener - The element with locator ---> By.xpath: //button[text()='Sign Out'] <--- was found
09:22:11.531  INFO  manager.TestNgMyListener - onTestStartnull
09:22:11.532  INFO  tests.TestBase - Test start with contactContact(name=John, lastName=Wick, phone=null, email=null, address=Rehovot,Israel, description=friend)
09:22:11.532  INFO  manager.MyListener - 'Start find' element ---> By.cssSelector: [href='/add']
09:22:11.540  INFO  manager.MyListener - The element with locator ---> By.cssSelector: [href='/add'] <--- was found
09:22:11.586  INFO  manager.MyListener - 'Start find' element ---> By.cssSelector: [placeholder='Name']
09:22:11.595  INFO  manager.MyListener - The element with locator ---> By.cssSelector: [placeholder='Name'] <--- was found
09:22:11.743  INFO  manager.MyListener - 'Start find' element ---> By.cssSelector: [placeholder='Last Name']
09:22:11.755  INFO  manager.MyListener - The element with locator ---> By.cssSelector: [placeholder='Last Name'] <--- was found
09:22:11.895  INFO  manager.MyListener - 'Start find' element ---> By.cssSelector: [placeholder='Phone']
09:22:11.910  INFO  manager.MyListener - The element with locator ---> By.cssSelector: [placeholder='Phone'] <--- was found
09:22:12.053  INFO  manager.MyListener - 'Start find' element ---> By.cssSelector: [placeholder='email']
09:22:12.061  INFO  manager.MyListener - The element with locator ---> By.cssSelector: [placeholder='email'] <--- was found
09:22:12.211  INFO  manager.MyListener - 'Start find' element ---> By.cssSelector: [placeholder='Address']
09:22:12.225  INFO  manager.MyListener - The element with locator ---> By.cssSelector: [placeholder='Address'] <--- was found
09:22:12.420  INFO  manager.MyListener - 'Start find' element ---> By.cssSelector: [placeholder='description']
09:22:12.432  INFO  manager.MyListener - The element with locator ---> By.cssSelector: [placeholder='description'] <--- was found
09:22:12.566  INFO  manager.MyListener - 'Start find' element ---> By.cssSelector: b
09:22:12.577  INFO  manager.MyListener - The element with locator ---> By.cssSelector: b <--- was found
09:22:12.622  INFO  manager.MyListener - 'Start find' element ---> By.cssSelector: h2
09:22:12.853  INFO  manager.MyListener - The element with locator ---> By.cssSelector: h2 <--- was found
09:22:12.968  INFO  manager.MyListener - 'Start find' element ---> By.cssSelector: h3
09:22:12.979  INFO  manager.MyListener - The element with locator ---> By.cssSelector: h3 <--- was found
09:22:13.147  INFO  tests.TestBase - Start test --->loginModelDataProvider
09:22:13.148  INFO  manager.MyListener - 'Start find' element ---> By.xpath: //button[text()='Sign Out']
09:22:13.156  INFO  manager.MyListener - The element with locator ---> By.xpath: //button[text()='Sign Out'] <--- was found
09:22:13.156  INFO  manager.MyListener - 'Start find' element ---> By.xpath: //button[text()='Sign Out']
09:22:13.172  INFO  manager.MyListener - The element with locator ---> By.xpath: //button[text()='Sign Out'] <--- was found
09:22:13.255  INFO  manager.TestNgMyListener - onTestStartnull
09:22:13.256  INFO  manager.MyListener - 'Start find' element ---> By.cssSelector: [href='/login']
09:22:13.276  INFO  manager.MyListener - The element with locator ---> By.cssSelector: [href='/login'] <--- was found
09:22:13.340  INFO  manager.MyListener - 'Start find' element ---> By.xpath: //input[1]
09:22:13.359  INFO  manager.MyListener - The element with locator ---> By.xpath: //input[1] <--- was found
09:22:13.573  INFO  manager.MyListener - 'Start find' element ---> By.xpath: //input[2]
09:22:13.585  INFO  manager.MyListener - The element with locator ---> By.xpath: //input[2] <--- was found
09:22:13.727  INFO  manager.MyListener - 'Start find' element ---> By.xpath: //*[text()=' Login']
09:22:13.740  INFO  manager.MyListener - The element with locator ---> By.xpath: //*[text()=' Login'] <--- was found
09:22:13.825  INFO  manager.MyListener - 'Start find' element ---> By.xpath: //*[text()='Sign Out']
09:22:14.041  INFO  manager.MyListener - The element with locator ---> By.xpath: //*[text()='Sign Out'] <--- was found
09:22:14.042  INFO  tests.TestBase - Start test --->loginModelDataProvider
09:22:14.044  INFO  manager.MyListener - 'Start find' element ---> By.xpath: //button[text()='Sign Out']
09:22:14.055  INFO  manager.MyListener - The element with locator ---> By.xpath: //button[text()='Sign Out'] <--- was found
09:22:14.056  INFO  manager.MyListener - 'Start find' element ---> By.xpath: //button[text()='Sign Out']
09:22:14.067  INFO  manager.MyListener - The element with locator ---> By.xpath: //button[text()='Sign Out'] <--- was found
09:22:14.143  INFO  manager.TestNgMyListener - onTestStartnull
09:22:14.143  INFO  manager.MyListener - 'Start find' element ---> By.cssSelector: [href='/login']
09:22:14.174  INFO  manager.MyListener - The element with locator ---> By.cssSelector: [href='/login'] <--- was found
09:22:14.239  INFO  manager.MyListener - 'Start find' element ---> By.xpath: //input[1]
09:22:14.259  INFO  manager.MyListener - The element with locator ---> By.xpath: //input[1] <--- was found
09:22:14.468  INFO  manager.MyListener - 'Start find' element ---> By.xpath: //input[2]
09:22:14.478  INFO  manager.MyListener - The element with locator ---> By.xpath: //input[2] <--- was found
09:22:14.601  INFO  manager.MyListener - 'Start find' element ---> By.xpath: //*[text()=' Login']
09:22:14.611  INFO  manager.MyListener - The element with locator ---> By.xpath: //*[text()=' Login'] <--- was found
09:22:14.661  INFO  manager.MyListener - 'Start find' element ---> By.xpath: //*[text()='Sign Out']
09:22:14.791  INFO  manager.MyListener - The element with locator ---> By.xpath: //*[text()='Sign Out'] <--- was found
09:22:14.792  INFO  tests.TestBase - Start test --->loginModelDataProvider
09:22:14.794  INFO  manager.MyListener - 'Start find' element ---> By.xpath: //button[text()='Sign Out']
09:22:14.807  INFO  manager.MyListener - The element with locator ---> By.xpath: //button[text()='Sign Out'] <--- was found
09:22:14.808  INFO  manager.MyListener - 'Start find' element ---> By.xpath: //button[text()='Sign Out']
09:22:14.820  INFO  manager.MyListener - The element with locator ---> By.xpath: //button[text()='Sign Out'] <--- was found
09:22:14.876  INFO  manager.TestNgMyListener - onTestStartnull
09:22:14.877  INFO  manager.MyListener - 'Start find' element ---> By.cssSelector: [href='/login']
09:22:14.906  INFO  manager.MyListener - The element with locator ---> By.cssSelector: [href='/login'] <--- was found
09:22:14.960  INFO  manager.MyListener - 'Start find' element ---> By.xpath: //input[1]
09:22:14.974  INFO  manager.MyListener - The element with locator ---> By.xpath: //input[1] <--- was found
09:22:15.212  INFO  manager.MyListener - 'Start find' element ---> By.xpath: //input[2]
09:22:15.224  INFO  manager.MyListener - The element with locator ---> By.xpath: //input[2] <--- was found
09:22:15.402  INFO  manager.MyListener - 'Start find' element ---> By.xpath: //*[text()=' Login']
09:22:15.416  INFO  manager.MyListener - The element with locator ---> By.xpath: //*[text()=' Login'] <--- was found
09:22:15.501  INFO  manager.MyListener - 'Start find' element ---> By.xpath: //*[text()='Sign Out']
09:22:15.585  INFO  manager.MyListener - The element with locator ---> By.xpath: //*[text()='Sign Out'] <--- was found
09:22:15.587  INFO  tests.TestBase - Start test --->loginModelDataProvider
09:22:15.589  INFO  manager.MyListener - 'Start find' element ---> By.xpath: //button[text()='Sign Out']
09:22:15.612  INFO  manager.MyListener - The element with locator ---> By.xpath: //button[text()='Sign Out'] <--- was found
09:22:15.612  INFO  manager.MyListener - 'Start find' element ---> By.xpath: //button[text()='Sign Out']
09:22:15.625  INFO  manager.MyListener - The element with locator ---> By.xpath: //button[text()='Sign Out'] <--- was found
09:22:15.679  INFO  manager.TestNgMyListener - onTestStartnull
09:22:15.679  INFO  manager.MyListener - 'Start find' element ---> By.cssSelector: [href='/login']
09:22:15.723  INFO  manager.MyListener - The element with locator ---> By.cssSelector: [href='/login'] <--- was found
09:22:15.775  INFO  manager.MyListener - 'Start find' element ---> By.xpath: //input[1]
09:22:15.797  INFO  manager.MyListener - The element with locator ---> By.xpath: //input[1] <--- was found
09:22:16.020  INFO  manager.MyListener - 'Start find' element ---> By.xpath: //input[2]
09:22:16.032  INFO  manager.MyListener - The element with locator ---> By.xpath: //input[2] <--- was found
09:22:16.160  INFO  manager.MyListener - 'Start find' element ---> By.xpath: //*[text()=' Login']
09:22:16.177  INFO  manager.MyListener - The element with locator ---> By.xpath: //*[text()=' Login'] <--- was found
09:22:16.274  INFO  manager.MyListener - 'Start find' element ---> By.xpath: //*[text()='Sign Out']
09:22:16.356  INFO  manager.MyListener - The element with locator ---> By.xpath: //*[text()='Sign Out'] <--- was found
09:22:16.360  INFO  tests.TestBase - Start test --->loginModelDataProviderCSV
09:22:16.361  INFO  manager.MyListener - 'Start find' element ---> By.xpath: //button[text()='Sign Out']
09:22:16.380  INFO  manager.MyListener - The element with locator ---> By.xpath: //button[text()='Sign Out'] <--- was found
09:22:16.382  INFO  manager.MyListener - 'Start find' element ---> By.xpath: //button[text()='Sign Out']
09:22:16.392  INFO  manager.MyListener - The element with locator ---> By.xpath: //button[text()='Sign Out'] <--- was found
09:22:16.445  INFO  manager.TestNgMyListener - onTestStartnull
09:22:16.446  INFO  manager.MyListener - 'Start find' element ---> By.cssSelector: [href='/login']
09:22:16.473  INFO  manager.MyListener - The element with locator ---> By.cssSelector: [href='/login'] <--- was found
09:22:16.530  INFO  manager.MyListener - 'Start find' element ---> By.xpath: //input[1]
09:22:16.542  INFO  manager.MyListener - The element with locator ---> By.xpath: //input[1] <--- was found
09:22:16.785  INFO  manager.MyListener - 'Start find' element ---> By.xpath: //input[2]
09:22:16.805  INFO  manager.MyListener - The element with locator ---> By.xpath: //input[2] <--- was found
09:22:16.956  INFO  manager.MyListener - 'Start find' element ---> By.xpath: //*[text()=' Login']
09:22:16.975  INFO  manager.MyListener - The element with locator ---> By.xpath: //*[text()=' Login'] <--- was found
09:22:17.023  INFO  manager.MyListener - 'Start find' element ---> By.xpath: //*[text()='Sign Out']
09:22:17.139  INFO  manager.MyListener - The element with locator ---> By.xpath: //*[text()='Sign Out'] <--- was found
09:22:17.141  INFO  tests.TestBase - Start test --->loginModelDataProviderCSV
09:22:17.142  INFO  manager.MyListener - 'Start find' element ---> By.xpath: //button[text()='Sign Out']
09:22:17.156  INFO  manager.MyListener - The element with locator ---> By.xpath: //button[text()='Sign Out'] <--- was found
09:22:17.156  INFO  manager.MyListener - 'Start find' element ---> By.xpath: //button[text()='Sign Out']
09:22:17.172  INFO  manager.MyListener - The element with locator ---> By.xpath: //button[text()='Sign Out'] <--- was found
09:22:17.259  INFO  manager.TestNgMyListener - onTestStartnull
09:22:17.261  INFO  manager.MyListener - 'Start find' element ---> By.cssSelector: [href='/login']
09:22:17.295  INFO  manager.MyListener - The element with locator ---> By.cssSelector: [href='/login'] <--- was found
09:22:17.355  INFO  manager.MyListener - 'Start find' element ---> By.xpath: //input[1]
09:22:17.374  INFO  manager.MyListener - The element with locator ---> By.xpath: //input[1] <--- was found
09:22:17.595  INFO  manager.MyListener - 'Start find' element ---> By.xpath: //input[2]
09:22:17.608  INFO  manager.MyListener - The element with locator ---> By.xpath: //input[2] <--- was found
09:22:17.765  INFO  manager.MyListener - 'Start find' element ---> By.xpath: //*[text()=' Login']
09:22:17.777  INFO  manager.MyListener - The element with locator ---> By.xpath: //*[text()=' Login'] <--- was found
09:22:17.824  INFO  manager.MyListener - 'Start find' element ---> By.xpath: //*[text()='Sign Out']
09:22:17.941  INFO  manager.MyListener - The element with locator ---> By.xpath: //*[text()='Sign Out'] <--- was found
09:22:17.943  INFO  tests.TestBase - Start test --->loginModelDataProviderCSV
09:22:17.944  INFO  manager.MyListener - 'Start find' element ---> By.xpath: //button[text()='Sign Out']
09:22:17.961  INFO  manager.MyListener - The element with locator ---> By.xpath: //button[text()='Sign Out'] <--- was found
09:22:17.962  INFO  manager.MyListener - 'Start find' element ---> By.xpath: //button[text()='Sign Out']
09:22:17.973  INFO  manager.MyListener - The element with locator ---> By.xpath: //button[text()='Sign Out'] <--- was found
09:22:18.057  INFO  manager.TestNgMyListener - onTestStartnull
09:22:18.058  INFO  manager.MyListener - 'Start find' element ---> By.cssSelector: [href='/login']
09:22:18.077  INFO  manager.MyListener - The element with locator ---> By.cssSelector: [href='/login'] <--- was found
09:22:18.129  INFO  manager.MyListener - 'Start find' element ---> By.xpath: //input[1]
09:22:18.141  INFO  manager.MyListener - The element with locator ---> By.xpath: //input[1] <--- was found
09:22:18.396  INFO  manager.MyListener - 'Start find' element ---> By.xpath: //input[2]
09:22:18.408  INFO  manager.MyListener - The element with locator ---> By.xpath: //input[2] <--- was found
09:22:18.548  INFO  manager.MyListener - 'Start find' element ---> By.xpath: //*[text()=' Login']
09:22:18.558  INFO  manager.MyListener - The element with locator ---> By.xpath: //*[text()=' Login'] <--- was found
09:22:18.617  INFO  manager.MyListener - 'Start find' element ---> By.xpath: //*[text()='Sign Out']
09:22:18.722  INFO  manager.MyListener - The element with locator ---> By.xpath: //*[text()='Sign Out'] <--- was found
09:22:18.724  INFO  tests.TestBase - Start test --->loginModelDataProviderCSV
09:22:18.725  INFO  manager.MyListener - 'Start find' element ---> By.xpath: //button[text()='Sign Out']
09:22:18.742  INFO  manager.MyListener - The element with locator ---> By.xpath: //button[text()='Sign Out'] <--- was found
09:22:18.744  INFO  manager.MyListener - 'Start find' element ---> By.xpath: //button[text()='Sign Out']
09:22:18.771  INFO  manager.MyListener - The element with locator ---> By.xpath: //button[text()='Sign Out'] <--- was found
09:22:18.889  INFO  manager.TestNgMyListener - onTestStartnull
09:22:18.889  INFO  manager.MyListener - 'Start find' element ---> By.cssSelector: [href='/login']
09:22:18.903  INFO  manager.MyListener - The element with locator ---> By.cssSelector: [href='/login'] <--- was found
09:22:19.006  INFO  manager.MyListener - 'Start find' element ---> By.xpath: //input[1]
09:22:19.019  INFO  manager.MyListener - The element with locator ---> By.xpath: //input[1] <--- was found
09:22:19.218  INFO  manager.MyListener - 'Start find' element ---> By.xpath: //input[2]
09:22:19.227  INFO  manager.MyListener - The element with locator ---> By.xpath: //input[2] <--- was found
09:22:19.377  INFO  manager.MyListener - 'Start find' element ---> By.xpath: //*[text()=' Login']
09:22:19.390  INFO  manager.MyListener - The element with locator ---> By.xpath: //*[text()=' Login'] <--- was found
09:22:19.477  INFO  manager.MyListener - 'Start find' element ---> By.xpath: //*[text()='Sign Out']
09:22:19.566  INFO  manager.MyListener - The element with locator ---> By.xpath: //*[text()='Sign Out'] <--- was found
09:22:19.567  INFO  tests.TestBase - Start test --->loginNegativeTestWrongPassword
09:22:19.568  INFO  manager.MyListener - 'Start find' element ---> By.xpath: //button[text()='Sign Out']
09:22:19.577  INFO  manager.MyListener - The element with locator ---> By.xpath: //button[text()='Sign Out'] <--- was found
09:22:19.577  INFO  manager.MyListener - 'Start find' element ---> By.xpath: //button[text()='Sign Out']
09:22:19.587  INFO  manager.MyListener - The element with locator ---> By.xpath: //button[text()='Sign Out'] <--- was found
09:22:19.681  INFO  manager.TestNgMyListener - onTestStartnull
09:22:19.682  INFO  manager.MyListener - 'Start find' element ---> By.cssSelector: [href='/login']
09:22:19.705  INFO  manager.MyListener - The element with locator ---> By.cssSelector: [href='/login'] <--- was found
09:22:19.769  INFO  manager.MyListener - 'Start find' element ---> By.xpath: //input[1]
09:22:19.778  INFO  manager.MyListener - The element with locator ---> By.xpath: //input[1] <--- was found
09:22:19.990  INFO  manager.MyListener - 'Start find' element ---> By.xpath: //input[2]
09:22:20.004  INFO  manager.MyListener - The element with locator ---> By.xpath: //input[2] <--- was found
09:22:20.131  INFO  manager.MyListener - 'Start find' element ---> By.xpath: //*[text()=' Login']
09:22:20.138  INFO  manager.MyListener - The element with locator ---> By.xpath: //*[text()=' Login'] <--- was found
09:22:20.197  INFO  manager.MyListener - 'Start find' element ---> By.xpath: //*[text()='Sign Out']
09:22:20.356  INFO  manager.MyListener - The element with locator ---> By.xpath: //*[text()='Sign Out'] <--- was found
09:22:20.523  INFO  tests.TestBase - Start test --->loginSuccess
09:22:20.524  INFO  manager.MyListener - 'Start find' element ---> By.xpath: //button[text()='Sign Out']
09:22:25.598  INFO  manager.MyListener - The element with locator ---> By.xpath: //button[text()='Sign Out'] <--- was found
09:22:25.598  INFO  manager.TestNgMyListener - onTestStartnull
09:22:25.600  INFO  tests.TestBase - Start test --->loginSuccessNew
09:22:25.601  INFO  manager.MyListener - 'Start find' element ---> By.xpath: //button[text()='Sign Out']
09:22:30.639  INFO  manager.MyListener - The element with locator ---> By.xpath: //button[text()='Sign Out'] <--- was found
09:22:30.640  INFO  manager.TestNgMyListener - onTestStartnull
09:22:30.640  INFO  tests.TestBase - Tests start with email : noa@gmail.comand password : Nnoa12345$
09:22:30.640  INFO  manager.MyListener - 'Start find' element ---> By.cssSelector: [href='/login']
09:22:30.655  INFO  manager.MyListener - The element with locator ---> By.cssSelector: [href='/login'] <--- was found
09:22:30.709  INFO  manager.MyListener - 'Start find' element ---> By.xpath: //input[1]
09:22:30.745  INFO  manager.MyListener - The element with locator ---> By.xpath: //input[1] <--- was found
09:22:31.089  INFO  manager.MyListener - 'Start find' element ---> By.xpath: //input[2]
09:22:31.109  INFO  manager.MyListener - The element with locator ---> By.xpath: //input[2] <--- was found
09:22:31.391  INFO  manager.MyListener - 'Start find' element ---> By.xpath: //*[text()=' Login']
09:22:31.412  INFO  manager.MyListener - The element with locator ---> By.xpath: //*[text()=' Login'] <--- was found
09:22:31.459  INFO  manager.MyListener - 'Start find' element ---> By.xpath: //*[text()='Sign Out']
09:22:31.638  INFO  manager.MyListener - The element with locator ---> By.xpath: //*[text()='Sign Out'] <--- was found
09:22:31.638  INFO  tests.TestBase - test passed
09:22:31.641  INFO  tests.TestBase - Start test --->loginSuccessNew
09:22:31.641  INFO  manager.MyListener - 'Start find' element ---> By.xpath: //button[text()='Sign Out']
09:22:31.655  INFO  manager.MyListener - The element with locator ---> By.xpath: //button[text()='Sign Out'] <--- was found
09:22:31.655  INFO  manager.MyListener - 'Start find' element ---> By.xpath: //button[text()='Sign Out']
09:22:31.673  INFO  manager.MyListener - The element with locator ---> By.xpath: //button[text()='Sign Out'] <--- was found
09:22:31.795  INFO  manager.TestNgMyListener - onTestStartnull
09:22:31.796  INFO  tests.TestBase - Tests start with email : mona@gmail.comand password : Mm12345$
09:22:31.796  INFO  manager.MyListener - 'Start find' element ---> By.cssSelector: [href='/login']
09:22:31.806  INFO  manager.MyListener - The element with locator ---> By.cssSelector: [href='/login'] <--- was found
09:22:31.865  INFO  manager.MyListener - 'Start find' element ---> By.xpath: //input[1]
09:22:31.874  INFO  manager.MyListener - The element with locator ---> By.xpath: //input[1] <--- was found
09:22:32.044  INFO  manager.MyListener - 'Start find' element ---> By.xpath: //input[2]
09:22:32.055  INFO  manager.MyListener - The element with locator ---> By.xpath: //input[2] <--- was found
09:22:32.174  INFO  manager.MyListener - 'Start find' element ---> By.xpath: //*[text()=' Login']
09:22:32.188  INFO  manager.MyListener - The element with locator ---> By.xpath: //*[text()=' Login'] <--- was found
09:22:32.226  INFO  manager.MyListener - 'Start find' element ---> By.xpath: //*[text()='Sign Out']
09:22:32.363  INFO  manager.MyListener - The element with locator ---> By.xpath: //*[text()='Sign Out'] <--- was found
09:22:32.363  INFO  tests.TestBase - test passed
09:22:32.365  INFO  tests.TestBase - Start test --->loginSuccessNew
09:22:32.365  INFO  manager.MyListener - 'Start find' element ---> By.xpath: //button[text()='Sign Out']
09:22:32.377  INFO  manager.MyListener - The element with locator ---> By.xpath: //button[text()='Sign Out'] <--- was found
09:22:32.377  INFO  manager.MyListener - 'Start find' element ---> By.xpath: //button[text()='Sign Out']
09:22:32.386  INFO  manager.MyListener - The element with locator ---> By.xpath: //button[text()='Sign Out'] <--- was found
09:22:32.438  INFO  manager.TestNgMyListener - onTestStartnull
09:22:32.438  INFO  tests.TestBase - Tests start with email : zoa@gmail.comand password : Zoa12345$
09:22:32.439  INFO  manager.MyListener - 'Start find' element ---> By.cssSelector: [href='/login']
09:22:32.474  INFO  manager.MyListener - The element with locator ---> By.cssSelector: [href='/login'] <--- was found
09:22:32.524  INFO  manager.MyListener - 'Start find' element ---> By.xpath: //input[1]
09:22:32.539  INFO  manager.MyListener - The element with locator ---> By.xpath: //input[1] <--- was found
09:22:32.736  INFO  manager.MyListener - 'Start find' element ---> By.xpath: //input[2]
09:22:32.752  INFO  manager.MyListener - The element with locator ---> By.xpath: //input[2] <--- was found
09:22:32.874  INFO  manager.MyListener - 'Start find' element ---> By.xpath: //*[text()=' Login']
09:22:32.886  INFO  manager.MyListener - The element with locator ---> By.xpath: //*[text()=' Login'] <--- was found
09:22:32.921  INFO  manager.MyListener - 'Start find' element ---> By.xpath: //*[text()='Sign Out']
09:22:33.039  INFO  manager.MyListener - The element with locator ---> By.xpath: //*[text()='Sign Out'] <--- was found
09:22:33.039  INFO  tests.TestBase - test passed
09:22:33.040  INFO  tests.TestBase - Start test --->loginSuccessNew
09:22:33.041  INFO  manager.MyListener - 'Start find' element ---> By.xpath: //button[text()='Sign Out']
09:22:33.055  INFO  manager.MyListener - The element with locator ---> By.xpath: //button[text()='Sign Out'] <--- was found
09:22:33.055  INFO  manager.MyListener - 'Start find' element ---> By.xpath: //button[text()='Sign Out']
09:22:33.066  INFO  manager.MyListener - The element with locator ---> By.xpath: //button[text()='Sign Out'] <--- was found
09:22:33.122  INFO  manager.TestNgMyListener - onTestStartnull
09:22:33.123  INFO  tests.TestBase - Tests start with email : wick416@gmail.comand password : Ww12345$
09:22:33.123  INFO  manager.MyListener - 'Start find' element ---> By.cssSelector: [href='/login']
09:22:33.159  INFO  manager.MyListener - The element with locator ---> By.cssSelector: [href='/login'] <--- was found
09:22:33.239  INFO  manager.MyListener - 'Start find' element ---> By.xpath: //input[1]
09:22:33.254  INFO  manager.MyListener - The element with locator ---> By.xpath: //input[1] <--- was found
09:22:33.488  INFO  manager.MyListener - 'Start find' element ---> By.xpath: //input[2]
09:22:33.500  INFO  manager.MyListener - The element with locator ---> By.xpath: //input[2] <--- was found
09:22:33.633  INFO  manager.MyListener - 'Start find' element ---> By.xpath: //*[text()=' Login']
09:22:33.641  INFO  manager.MyListener - The element with locator ---> By.xpath: //*[text()=' Login'] <--- was found
09:22:33.689  INFO  manager.MyListener - 'Start find' element ---> By.xpath: //*[text()='Sign Out']
09:22:33.802  INFO  manager.MyListener - The element with locator ---> By.xpath: //*[text()='Sign Out'] <--- was found
09:22:33.803  INFO  tests.TestBase - test passed
09:22:33.804  INFO  manager.TestNgMyListener - onTestStartnull
09:22:37.686  INFO  tests.TestBase - Start test --->registrationSuccess
09:22:37.686  INFO  manager.MyListener - 'Start find' element ---> By.xpath: //button[text()='Sign Out']
09:22:37.699  INFO  manager.MyListener - The element with locator ---> By.xpath: //button[text()='Sign Out'] <--- was found
09:22:37.700  INFO  manager.MyListener - 'Start find' element ---> By.xpath: //button[text()='Sign Out']
09:22:37.715  INFO  manager.MyListener - The element with locator ---> By.xpath: //button[text()='Sign Out'] <--- was found
09:22:37.804  INFO  manager.TestNgMyListener - onTestStartnull
09:22:37.805  INFO  tests.TestBase - wick1357@gmail.com
09:22:37.805  INFO  tests.TestBase - The index is --->1357
09:22:37.805  INFO  manager.MyListener - 'Start find' element ---> By.cssSelector: [href='/login']
09:22:37.822  INFO  manager.MyListener - The element with locator ---> By.cssSelector: [href='/login'] <--- was found
09:22:37.900  INFO  manager.MyListener - 'Start find' element ---> By.xpath: //input[1]
09:22:37.917  INFO  manager.MyListener - The element with locator ---> By.xpath: //input[1] <--- was found
09:22:38.194  INFO  manager.MyListener - 'Start find' element ---> By.xpath: //input[2]
09:22:38.216  INFO  manager.MyListener - The element with locator ---> By.xpath: //input[2] <--- was found
09:22:38.384  INFO  manager.MyListener - 'Start find' element ---> By.xpath: //button[2]
09:22:38.400  INFO  manager.MyListener - The element with locator ---> By.xpath: //button[2] <--- was found
09:22:38.505  INFO  manager.MyListener - 'Start find' element ---> By.xpath: //*[text()='Sign Out']
09:22:38.687  INFO  manager.MyListener - The element with locator ---> By.xpath: //*[text()='Sign Out'] <--- was found
09:22:38.689  INFO  tests.TestBase - Start test --->removeAllContact
09:22:38.690  INFO  manager.MyListener - 'Start find' element ---> By.xpath: //button[text()='Sign Out']
09:22:38.701  INFO  manager.MyListener - The element with locator ---> By.xpath: //button[text()='Sign Out'] <--- was found
09:22:38.703  INFO  manager.TestNgMyListener - onTestStartnull
09:22:38.703  INFO  manager.MyListener - 'Start find' element ---> By.cssSelector: .contact-item_card__2SOIM
09:22:43.732  INFO  manager.MyListener - The element with locator ---> By.cssSelector: .contact-item_card__2SOIM <--- was found
09:22:43.733  INFO  tests.TestBase - Start test --->removeOneContact
09:22:43.734  INFO  manager.MyListener - 'Start find' element ---> By.xpath: //button[text()='Sign Out']
09:22:43.751  INFO  manager.MyListener - The element with locator ---> By.xpath: //button[text()='Sign Out'] <--- was found
09:22:43.751  INFO  manager.TestNgMyListener - onTestStartnull
09:22:43.752  INFO  manager.MyListener - 'Start find' element ---> By.cssSelector: .contact-item_card__2SOIM
09:22:48.791  INFO  manager.MyListener - The element with locator ---> By.cssSelector: .contact-item_card__2SOIM <--- was found
09:22:48.791  INFO  manager.MyListener - 'Start find' element ---> By.cssSelector: .contact-item_card__2SOIM
09:22:53.826  INFO  manager.MyListener - The element with locator ---> By.cssSelector: .contact-item_card__2SOIM <--- was found
09:22:53.826  INFO  manager.MyListener - 'Start find' element ---> By.cssSelector: .contact-item_card__2SOIM
09:22:58.869  INFO  manager.MyListener - The element with locator ---> By.cssSelector: .contact-item_card__2SOIM <--- was found
09:22:58.870  INFO  manager.TestNgMyListener - onTesFailure
09:22:58.873  INFO  manager.TestNgMyListener - onFinish
09:22:59.036  INFO  manager.TestNgMyListener - onFinish(ISuite suite)
