20:17:23.672  INFO  manager.ApplicationManager - Tests start in ChromeDriver
20:17:24.687  INFO  manager.ApplicationManager - The lint is --> https://contacts-app.tobbymarshall815.vercel.app/home
20:17:24.769  INFO  tests.TestBase - Start test --->removeOneContact
20:17:24.772  INFO  manager.MyListener - 'Start find' element ---> By.xpath: //button[text()='Sign Out']
20:17:29.846  INFO  manager.MyListener - The element with locator ---> By.xpath: //button[text()='Sign Out'] <--- was found
20:17:29.847  INFO  manager.MyListener - 'Start find' element ---> By.cssSelector: [href='/login']
20:17:29.867  INFO  manager.MyListener - The element with locator ---> By.cssSelector: [href='/login'] <--- was found
20:17:29.973  INFO  manager.MyListener - 'Start find' element ---> By.xpath: //input[1]
20:17:29.992  INFO  manager.MyListener - The element with locator ---> By.xpath: //input[1] <--- was found
20:17:30.281  INFO  manager.MyListener - 'Start find' element ---> By.xpath: //input[2]
20:17:30.296  INFO  manager.MyListener - The element with locator ---> By.xpath: //input[2] <--- was found
20:17:30.467  INFO  manager.MyListener - 'Start find' element ---> By.xpath: //*[text()=' Login']
20:17:30.497  INFO  manager.MyListener - The element with locator ---> By.xpath: //*[text()=' Login'] <--- was found
20:17:30.610  INFO  manager.MyListener - 'Start find' element ---> By.cssSelector: .contact-item_card__2SOIM
20:17:31.387  INFO  manager.MyListener - The element with locator ---> By.cssSelector: .contact-item_card__2SOIM <--- was found
20:17:31.388  INFO  manager.MyListener - 'Start find' element ---> By.cssSelector: .contact-item_card__2SOIM
20:17:31.410  INFO  manager.MyListener - The element with locator ---> By.cssSelector: .contact-item_card__2SOIM <--- was found
20:17:31.411  INFO  manager.MyListener - 'Start find' element ---> By.cssSelector: .contact-item_card__2SOIM
20:17:31.438  INFO  manager.MyListener - The element with locator ---> By.cssSelector: .contact-item_card__2SOIM <--- was found
20:17:31.528  INFO  manager.MyListener - 'Start find' element ---> By.xpath: //button[text()='Remove']
20:17:31.546  INFO  manager.MyListener - The element with locator ---> By.xpath: //button[text()='Remove'] <--- was found
20:17:31.589  INFO  manager.MyListener - 'Start find' element ---> By.cssSelector: .contact-item_card__2SOIM
20:17:31.600  INFO  manager.MyListener - The element with locator ---> By.cssSelector: .contact-item_card__2SOIM <--- was found
