10:00:19.137  INFO  manager.ApplicationManager - Tests start in ChromeDriver
10:00:22.052  INFO  manager.ApplicationManager - The lint is --> https://contacts-app.tobbymarshall815.vercel.app/home
10:00:22.122  INFO  tests.TestBase - Start test --->loginModelDataProvider
10:00:22.127  INFO  manager.MyListener - 'Start find' element ---> By.xpath: //button[text()='Sign Out']
10:00:27.189  INFO  manager.MyListener - The element with locator ---> By.xpath: //button[text()='Sign Out'] <--- was found
10:00:27.192  INFO  manager.MyListener - 'Start find' element ---> By.cssSelector: [href='/login']
10:00:27.219  INFO  manager.MyListener - The element with locator ---> By.cssSelector: [href='/login'] <--- was found
10:00:27.345  INFO  manager.MyListener - 'Start find' element ---> By.xpath: //input[1]
10:00:27.371  INFO  manager.MyListener - The element with locator ---> By.xpath: //input[1] <--- was found
10:00:27.678  INFO  manager.MyListener - 'Start find' element ---> By.xpath: //input[2]
10:00:27.710  INFO  manager.MyListener - The element with locator ---> By.xpath: //input[2] <--- was found
10:00:27.852  INFO  manager.MyListener - 'Start find' element ---> By.xpath: //*[text()=' Login']
10:00:27.869  INFO  manager.MyListener - The element with locator ---> By.xpath: //*[text()=' Login'] <--- was found
10:00:27.964  INFO  manager.MyListener - 'Start find' element ---> By.xpath: //*[text()='Sign Out']
10:00:28.469  INFO  manager.MyListener - The element with locator ---> By.xpath: //*[text()='Sign Out'] <--- was found
10:00:28.475  INFO  tests.TestBase - Start test --->loginModelDataProvider
10:00:28.476  INFO  manager.MyListener - 'Start find' element ---> By.xpath: //button[text()='Sign Out']
10:00:28.492  INFO  manager.MyListener - The element with locator ---> By.xpath: //button[text()='Sign Out'] <--- was found
10:00:28.493  INFO  manager.MyListener - 'Start find' element ---> By.xpath: //button[text()='Sign Out']
10:00:28.513  INFO  manager.MyListener - The element with locator ---> By.xpath: //button[text()='Sign Out'] <--- was found
10:00:28.557  INFO  manager.MyListener - 'Start find' element ---> By.cssSelector: [href='/login']
10:00:28.583  INFO  manager.MyListener - The element with locator ---> By.cssSelector: [href='/login'] <--- was found
10:00:28.669  INFO  manager.MyListener - 'Start find' element ---> By.xpath: //input[1]
10:00:28.684  INFO  manager.MyListener - The element with locator ---> By.xpath: //input[1] <--- was found
10:00:28.867  INFO  manager.MyListener - 'Start find' element ---> By.xpath: //input[2]
10:00:28.881  INFO  manager.MyListener - The element with locator ---> By.xpath: //input[2] <--- was found
10:00:29.034  INFO  manager.MyListener - 'Start find' element ---> By.xpath: //*[text()=' Login']
10:00:29.047  INFO  manager.MyListener - The element with locator ---> By.xpath: //*[text()=' Login'] <--- was found
10:00:29.085  INFO  manager.MyListener - 'Start find' element ---> By.xpath: //*[text()='Sign Out']
10:00:29.197  INFO  manager.MyListener - The element with locator ---> By.xpath: //*[text()='Sign Out'] <--- was found
10:00:29.198  INFO  tests.TestBase - Start test --->loginModelDataProvider
10:00:29.199  INFO  manager.MyListener - 'Start find' element ---> By.xpath: //button[text()='Sign Out']
10:00:29.216  INFO  manager.MyListener - The element with locator ---> By.xpath: //button[text()='Sign Out'] <--- was found
10:00:29.217  INFO  manager.MyListener - 'Start find' element ---> By.xpath: //button[text()='Sign Out']
10:00:29.236  INFO  manager.MyListener - The element with locator ---> By.xpath: //button[text()='Sign Out'] <--- was found
10:00:29.347  INFO  manager.MyListener - 'Start find' element ---> By.cssSelector: [href='/login']
10:00:29.359  INFO  manager.MyListener - The element with locator ---> By.cssSelector: [href='/login'] <--- was found
10:00:29.415  INFO  manager.MyListener - 'Start find' element ---> By.xpath: //input[1]
10:00:29.425  INFO  manager.MyListener - The element with locator ---> By.xpath: //input[1] <--- was found
10:00:29.616  INFO  manager.MyListener - 'Start find' element ---> By.xpath: //input[2]
10:00:29.637  INFO  manager.MyListener - The element with locator ---> By.xpath: //input[2] <--- was found
10:00:29.764  INFO  manager.MyListener - 'Start find' element ---> By.xpath: //*[text()=' Login']
10:00:29.778  INFO  manager.MyListener - The element with locator ---> By.xpath: //*[text()=' Login'] <--- was found
10:00:29.819  INFO  manager.MyListener - 'Start find' element ---> By.xpath: //*[text()='Sign Out']
10:00:29.929  INFO  manager.MyListener - The element with locator ---> By.xpath: //*[text()='Sign Out'] <--- was found
10:00:29.932  INFO  tests.TestBase - Start test --->loginModelDataProvider
10:00:29.933  INFO  manager.MyListener - 'Start find' element ---> By.xpath: //button[text()='Sign Out']
10:00:29.958  INFO  manager.MyListener - The element with locator ---> By.xpath: //button[text()='Sign Out'] <--- was found
10:00:29.959  INFO  manager.MyListener - 'Start find' element ---> By.xpath: //button[text()='Sign Out']
10:00:29.971  INFO  manager.MyListener - The element with locator ---> By.xpath: //button[text()='Sign Out'] <--- was found
10:00:30.034  INFO  manager.MyListener - 'Start find' element ---> By.cssSelector: [href='/login']
10:00:30.051  INFO  manager.MyListener - The element with locator ---> By.cssSelector: [href='/login'] <--- was found
10:00:30.100  INFO  manager.MyListener - 'Start find' element ---> By.xpath: //input[1]
10:00:30.116  INFO  manager.MyListener - The element with locator ---> By.xpath: //input[1] <--- was found
10:00:30.335  INFO  manager.MyListener - 'Start find' element ---> By.xpath: //input[2]
10:00:30.358  INFO  manager.MyListener - The element with locator ---> By.xpath: //input[2] <--- was found
10:00:30.476  INFO  manager.MyListener - 'Start find' element ---> By.xpath: //*[text()=' Login']
10:00:30.485  INFO  manager.MyListener - The element with locator ---> By.xpath: //*[text()=' Login'] <--- was found
10:00:30.562  INFO  manager.MyListener - 'Start find' element ---> By.xpath: //*[text()='Sign Out']
10:00:30.637  INFO  manager.MyListener - The element with locator ---> By.xpath: //*[text()='Sign Out'] <--- was found
10:00:30.643  INFO  tests.TestBase - Start test --->loginModelDataProviderCSV
10:00:30.646  INFO  manager.MyListener - 'Start find' element ---> By.xpath: //button[text()='Sign Out']
10:00:30.669  INFO  manager.MyListener - The element with locator ---> By.xpath: //button[text()='Sign Out'] <--- was found
10:00:30.670  INFO  manager.MyListener - 'Start find' element ---> By.xpath: //button[text()='Sign Out']
10:00:30.680  INFO  manager.MyListener - The element with locator ---> By.xpath: //button[text()='Sign Out'] <--- was found
10:00:30.734  INFO  manager.MyListener - 'Start find' element ---> By.cssSelector: [href='/login']
10:00:30.752  INFO  manager.MyListener - The element with locator ---> By.cssSelector: [href='/login'] <--- was found
10:00:30.813  INFO  manager.MyListener - 'Start find' element ---> By.xpath: //input[1]
10:00:30.825  INFO  manager.MyListener - The element with locator ---> By.xpath: //input[1] <--- was found
10:00:31.034  INFO  manager.MyListener - 'Start find' element ---> By.xpath: //input[2]
10:00:31.049  INFO  manager.MyListener - The element with locator ---> By.xpath: //input[2] <--- was found
10:00:31.196  INFO  manager.MyListener - 'Start find' element ---> By.xpath: //*[text()=' Login']
10:00:31.206  INFO  manager.MyListener - The element with locator ---> By.xpath: //*[text()=' Login'] <--- was found
10:00:31.281  INFO  manager.MyListener - 'Start find' element ---> By.xpath: //*[text()='Sign Out']
10:00:31.353  INFO  manager.MyListener - The element with locator ---> By.xpath: //*[text()='Sign Out'] <--- was found
10:00:31.355  INFO  tests.TestBase - Start test --->loginModelDataProviderCSV
10:00:31.355  INFO  manager.MyListener - 'Start find' element ---> By.xpath: //button[text()='Sign Out']
10:00:31.370  INFO  manager.MyListener - The element with locator ---> By.xpath: //button[text()='Sign Out'] <--- was found
10:00:31.370  INFO  manager.MyListener - 'Start find' element ---> By.xpath: //button[text()='Sign Out']
10:00:31.390  INFO  manager.MyListener - The element with locator ---> By.xpath: //button[text()='Sign Out'] <--- was found
10:00:31.444  INFO  manager.MyListener - 'Start find' element ---> By.cssSelector: [href='/login']
10:00:31.469  INFO  manager.MyListener - The element with locator ---> By.cssSelector: [href='/login'] <--- was found
10:00:31.529  INFO  manager.MyListener - 'Start find' element ---> By.xpath: //input[1]
10:00:31.539  INFO  manager.MyListener - The element with locator ---> By.xpath: //input[1] <--- was found
10:00:31.733  INFO  manager.MyListener - 'Start find' element ---> By.xpath: //input[2]
10:00:31.747  INFO  manager.MyListener - The element with locator ---> By.xpath: //input[2] <--- was found
10:00:31.868  INFO  manager.MyListener - 'Start find' element ---> By.xpath: //*[text()=' Login']
10:00:31.885  INFO  manager.MyListener - The element with locator ---> By.xpath: //*[text()=' Login'] <--- was found
10:00:31.967  INFO  manager.MyListener - 'Start find' element ---> By.xpath: //*[text()='Sign Out']
10:00:32.177  INFO  manager.MyListener - The element with locator ---> By.xpath: //*[text()='Sign Out'] <--- was found
10:00:32.178  INFO  tests.TestBase - Start test --->loginModelDataProviderCSV
10:00:32.179  INFO  manager.MyListener - 'Start find' element ---> By.xpath: //button[text()='Sign Out']
10:00:32.205  INFO  manager.MyListener - The element with locator ---> By.xpath: //button[text()='Sign Out'] <--- was found
10:00:32.206  INFO  manager.MyListener - 'Start find' element ---> By.xpath: //button[text()='Sign Out']
10:00:32.233  INFO  manager.MyListener - The element with locator ---> By.xpath: //button[text()='Sign Out'] <--- was found
10:00:32.320  INFO  manager.MyListener - 'Start find' element ---> By.cssSelector: [href='/login']
10:00:32.346  INFO  manager.MyListener - The element with locator ---> By.cssSelector: [href='/login'] <--- was found
10:00:32.405  INFO  manager.MyListener - 'Start find' element ---> By.xpath: //input[1]
10:00:32.420  INFO  manager.MyListener - The element with locator ---> By.xpath: //input[1] <--- was found
10:00:32.656  INFO  manager.MyListener - 'Start find' element ---> By.xpath: //input[2]
10:00:32.674  INFO  manager.MyListener - The element with locator ---> By.xpath: //input[2] <--- was found
10:00:32.799  INFO  manager.MyListener - 'Start find' element ---> By.xpath: //*[text()=' Login']
10:00:32.816  INFO  manager.MyListener - The element with locator ---> By.xpath: //*[text()=' Login'] <--- was found
10:00:32.910  INFO  manager.MyListener - 'Start find' element ---> By.xpath: //*[text()='Sign Out']
10:00:32.978  INFO  manager.MyListener - The element with locator ---> By.xpath: //*[text()='Sign Out'] <--- was found
10:00:32.982  INFO  tests.TestBase - Start test --->loginModelDataProviderCSV
10:00:32.983  INFO  manager.MyListener - 'Start find' element ---> By.xpath: //button[text()='Sign Out']
10:00:32.992  INFO  manager.MyListener - The element with locator ---> By.xpath: //button[text()='Sign Out'] <--- was found
10:00:32.992  INFO  manager.MyListener - 'Start find' element ---> By.xpath: //button[text()='Sign Out']
10:00:33.008  INFO  manager.MyListener - The element with locator ---> By.xpath: //button[text()='Sign Out'] <--- was found
10:00:33.078  INFO  manager.MyListener - 'Start find' element ---> By.cssSelector: [href='/login']
10:00:33.099  INFO  manager.MyListener - The element with locator ---> By.cssSelector: [href='/login'] <--- was found
10:00:33.145  INFO  manager.MyListener - 'Start find' element ---> By.xpath: //input[1]
10:00:33.162  INFO  manager.MyListener - The element with locator ---> By.xpath: //input[1] <--- was found
10:00:33.355  INFO  manager.MyListener - 'Start find' element ---> By.xpath: //input[2]
10:00:33.386  INFO  manager.MyListener - The element with locator ---> By.xpath: //input[2] <--- was found
10:00:33.506  INFO  manager.MyListener - 'Start find' element ---> By.xpath: //*[text()=' Login']
10:00:33.517  INFO  manager.MyListener - The element with locator ---> By.xpath: //*[text()=' Login'] <--- was found
10:00:33.556  INFO  manager.MyListener - 'Start find' element ---> By.xpath: //*[text()='Sign Out']
10:00:33.671  INFO  manager.MyListener - The element with locator ---> By.xpath: //*[text()='Sign Out'] <--- was found
10:00:33.675  INFO  tests.TestBase - Start test --->loginNegativeTestWrongPassword
10:00:33.676  INFO  manager.MyListener - 'Start find' element ---> By.xpath: //button[text()='Sign Out']
10:00:33.688  INFO  manager.MyListener - The element with locator ---> By.xpath: //button[text()='Sign Out'] <--- was found
10:00:33.689  INFO  manager.MyListener - 'Start find' element ---> By.xpath: //button[text()='Sign Out']
10:00:33.698  INFO  manager.MyListener - The element with locator ---> By.xpath: //button[text()='Sign Out'] <--- was found
10:00:33.753  INFO  manager.MyListener - 'Start find' element ---> By.cssSelector: [href='/login']
10:00:33.772  INFO  manager.MyListener - The element with locator ---> By.cssSelector: [href='/login'] <--- was found
10:00:33.830  INFO  manager.MyListener - 'Start find' element ---> By.xpath: //input[1]
10:00:33.846  INFO  manager.MyListener - The element with locator ---> By.xpath: //input[1] <--- was found
10:00:34.036  INFO  manager.MyListener - 'Start find' element ---> By.xpath: //input[2]
10:00:34.049  INFO  manager.MyListener - The element with locator ---> By.xpath: //input[2] <--- was found
10:00:34.184  INFO  manager.MyListener - 'Start find' element ---> By.xpath: //*[text()=' Login']
10:00:34.206  INFO  manager.MyListener - The element with locator ---> By.xpath: //*[text()=' Login'] <--- was found
10:00:34.279  INFO  manager.MyListener - 'Start find' element ---> By.xpath: //*[text()='Sign Out']
10:00:34.378  INFO  manager.MyListener - The element with locator ---> By.xpath: //*[text()='Sign Out'] <--- was found
10:00:34.532  INFO  tests.TestBase - Start test --->loginSuccess
10:00:34.533  INFO  manager.MyListener - 'Start find' element ---> By.xpath: //button[text()='Sign Out']
10:00:39.605  INFO  manager.MyListener - The element with locator ---> By.xpath: //button[text()='Sign Out'] <--- was found
10:00:39.607  INFO  tests.TestBase - Start test --->loginSuccessNew
10:00:39.608  INFO  manager.MyListener - 'Start find' element ---> By.xpath: //button[text()='Sign Out']
10:00:44.667  INFO  manager.MyListener - The element with locator ---> By.xpath: //button[text()='Sign Out'] <--- was found
10:00:44.668  INFO  tests.TestBase - Tests start with email : noa@gmail.comand password : Nnoa12345$
10:00:44.668  INFO  manager.MyListener - 'Start find' element ---> By.cssSelector: [href='/login']
10:00:44.682  INFO  manager.MyListener - The element with locator ---> By.cssSelector: [href='/login'] <--- was found
10:00:44.727  INFO  manager.MyListener - 'Start find' element ---> By.xpath: //input[1]
10:00:44.745  INFO  manager.MyListener - The element with locator ---> By.xpath: //input[1] <--- was found
10:00:45.070  INFO  manager.MyListener - 'Start find' element ---> By.xpath: //input[2]
10:00:45.088  INFO  manager.MyListener - The element with locator ---> By.xpath: //input[2] <--- was found
10:00:45.347  INFO  manager.MyListener - 'Start find' element ---> By.xpath: //*[text()=' Login']
10:00:45.366  INFO  manager.MyListener - The element with locator ---> By.xpath: //*[text()=' Login'] <--- was found
10:00:45.445  INFO  manager.MyListener - 'Start find' element ---> By.xpath: //*[text()='Sign Out']
10:00:45.517  INFO  manager.MyListener - The element with locator ---> By.xpath: //*[text()='Sign Out'] <--- was found
10:00:45.518  INFO  tests.TestBase - test passed
10:00:45.521  INFO  tests.TestBase - Start test --->loginSuccessNew
10:00:45.522  INFO  manager.MyListener - 'Start find' element ---> By.xpath: //button[text()='Sign Out']
10:00:45.537  INFO  manager.MyListener - The element with locator ---> By.xpath: //button[text()='Sign Out'] <--- was found
10:00:45.537  INFO  manager.MyListener - 'Start find' element ---> By.xpath: //button[text()='Sign Out']
10:00:45.556  INFO  manager.MyListener - The element with locator ---> By.xpath: //button[text()='Sign Out'] <--- was found
10:00:45.616  INFO  tests.TestBase - Tests start with email : mona@gmail.comand password : Mm12345$
10:00:45.616  INFO  manager.MyListener - 'Start find' element ---> By.cssSelector: [href='/login']
10:00:45.636  INFO  manager.MyListener - The element with locator ---> By.cssSelector: [href='/login'] <--- was found
10:00:45.697  INFO  manager.MyListener - 'Start find' element ---> By.xpath: //input[1]
10:00:45.709  INFO  manager.MyListener - The element with locator ---> By.xpath: //input[1] <--- was found
10:00:45.897  INFO  manager.MyListener - 'Start find' element ---> By.xpath: //input[2]
10:00:45.907  INFO  manager.MyListener - The element with locator ---> By.xpath: //input[2] <--- was found
10:00:46.029  INFO  manager.MyListener - 'Start find' element ---> By.xpath: //*[text()=' Login']
10:00:46.038  INFO  manager.MyListener - The element with locator ---> By.xpath: //*[text()=' Login'] <--- was found
10:00:46.114  INFO  manager.MyListener - 'Start find' element ---> By.xpath: //*[text()='Sign Out']
10:00:46.192  INFO  manager.MyListener - The element with locator ---> By.xpath: //*[text()='Sign Out'] <--- was found
10:00:46.192  INFO  tests.TestBase - test passed
10:00:46.195  INFO  tests.TestBase - Start test --->loginSuccessNew
10:00:46.197  INFO  manager.MyListener - 'Start find' element ---> By.xpath: //button[text()='Sign Out']
10:00:46.213  INFO  manager.MyListener - The element with locator ---> By.xpath: //button[text()='Sign Out'] <--- was found
10:00:46.215  INFO  manager.MyListener - 'Start find' element ---> By.xpath: //button[text()='Sign Out']
10:00:46.226  INFO  manager.MyListener - The element with locator ---> By.xpath: //button[text()='Sign Out'] <--- was found
10:00:46.284  INFO  tests.TestBase - Tests start with email : zoa@gmail.comand password : Zoa12345$
10:00:46.284  INFO  manager.MyListener - 'Start find' element ---> By.cssSelector: [href='/login']
10:00:46.305  INFO  manager.MyListener - The element with locator ---> By.cssSelector: [href='/login'] <--- was found
10:00:46.354  INFO  manager.MyListener - 'Start find' element ---> By.xpath: //input[1]
10:00:46.369  INFO  manager.MyListener - The element with locator ---> By.xpath: //input[1] <--- was found
10:00:46.577  INFO  manager.MyListener - 'Start find' element ---> By.xpath: //input[2]
10:00:46.589  INFO  manager.MyListener - The element with locator ---> By.xpath: //input[2] <--- was found
10:00:46.721  INFO  manager.MyListener - 'Start find' element ---> By.xpath: //*[text()=' Login']
10:00:46.735  INFO  manager.MyListener - The element with locator ---> By.xpath: //*[text()=' Login'] <--- was found
10:00:46.773  INFO  manager.MyListener - 'Start find' element ---> By.xpath: //*[text()='Sign Out']
10:00:46.889  INFO  manager.MyListener - The element with locator ---> By.xpath: //*[text()='Sign Out'] <--- was found
10:00:46.890  INFO  tests.TestBase - test passed
10:00:46.891  INFO  tests.TestBase - Start test --->loginSuccessNew
10:00:46.892  INFO  manager.MyListener - 'Start find' element ---> By.xpath: //button[text()='Sign Out']
10:00:46.907  INFO  manager.MyListener - The element with locator ---> By.xpath: //button[text()='Sign Out'] <--- was found
10:00:46.907  INFO  manager.MyListener - 'Start find' element ---> By.xpath: //button[text()='Sign Out']
10:00:46.916  INFO  manager.MyListener - The element with locator ---> By.xpath: //button[text()='Sign Out'] <--- was found
10:00:46.979  INFO  tests.TestBase - Tests start with email : wick416@gmail.comand password : Ww12345$
10:00:46.979  INFO  manager.MyListener - 'Start find' element ---> By.cssSelector: [href='/login']
10:00:46.992  INFO  manager.MyListener - The element with locator ---> By.cssSelector: [href='/login'] <--- was found
10:00:47.063  INFO  manager.MyListener - 'Start find' element ---> By.xpath: //input[1]
10:00:47.115  INFO  manager.MyListener - The element with locator ---> By.xpath: //input[1] <--- was found
10:00:47.349  INFO  manager.MyListener - 'Start find' element ---> By.xpath: //input[2]
10:00:47.363  INFO  manager.MyListener - The element with locator ---> By.xpath: //input[2] <--- was found
10:00:47.486  INFO  manager.MyListener - 'Start find' element ---> By.xpath: //*[text()=' Login']
10:00:47.496  INFO  manager.MyListener - The element with locator ---> By.xpath: //*[text()=' Login'] <--- was found
10:00:47.535  INFO  manager.MyListener - 'Start find' element ---> By.xpath: //*[text()='Sign Out']
10:00:47.637  INFO  manager.MyListener - The element with locator ---> By.xpath: //*[text()='Sign Out'] <--- was found
10:00:47.638  INFO  tests.TestBase - test passed
10:00:47.643  INFO  tests.TestBase - Start test --->addNewContactSuccess
10:00:47.644  INFO  manager.MyListener - 'Start find' element ---> By.xpath: //button[text()='Sign Out']
10:00:47.655  INFO  manager.MyListener - The element with locator ---> By.xpath: //button[text()='Sign Out'] <--- was found
10:00:47.660  INFO  manager.MyListener - 'Start find' element ---> By.cssSelector: [href='/add']
10:00:47.685  INFO  manager.MyListener - The element with locator ---> By.cssSelector: [href='/add'] <--- was found
10:00:47.761  INFO  manager.MyListener - 'Start find' element ---> By.cssSelector: [placeholder='Name']
10:00:47.780  INFO  manager.MyListener - The element with locator ---> By.cssSelector: [placeholder='Name'] <--- was found
10:00:47.977  INFO  manager.MyListener - 'Start find' element ---> By.cssSelector: [placeholder='Last Name']
10:00:47.994  INFO  manager.MyListener - The element with locator ---> By.cssSelector: [placeholder='Last Name'] <--- was found
10:00:48.096  INFO  manager.MyListener - 'Start find' element ---> By.cssSelector: [placeholder='Phone']
10:00:48.108  INFO  manager.MyListener - The element with locator ---> By.cssSelector: [placeholder='Phone'] <--- was found
10:00:48.254  INFO  manager.MyListener - 'Start find' element ---> By.cssSelector: [placeholder='email']
10:00:48.274  INFO  manager.MyListener - The element with locator ---> By.cssSelector: [placeholder='email'] <--- was found
10:00:48.405  INFO  manager.MyListener - 'Start find' element ---> By.cssSelector: [placeholder='Address']
10:00:48.418  INFO  manager.MyListener - The element with locator ---> By.cssSelector: [placeholder='Address'] <--- was found
10:00:48.536  INFO  manager.MyListener - 'Start find' element ---> By.cssSelector: [placeholder='description']
10:00:48.552  INFO  manager.MyListener - The element with locator ---> By.cssSelector: [placeholder='description'] <--- was found
10:00:48.723  INFO  manager.MyListener - 'Start find' element ---> By.cssSelector: b
10:00:48.737  INFO  manager.MyListener - The element with locator ---> By.cssSelector: b <--- was found
10:00:48.772  INFO  manager.MyListener - 'Start find' element ---> By.cssSelector: h2
10:00:49.108  INFO  manager.MyListener - The element with locator ---> By.cssSelector: h2 <--- was found
10:00:49.120  INFO  manager.MyListener - 'Start find' element ---> By.cssSelector: h3
10:00:49.131  INFO  manager.MyListener - The element with locator ---> By.cssSelector: h3 <--- was found
10:00:49.146  INFO  tests.TestBase - Start test --->addNewContactSuccessDataProviderCSV
10:00:49.146  INFO  manager.MyListener - 'Start find' element ---> By.xpath: //button[text()='Sign Out']
10:00:49.155  INFO  manager.MyListener - The element with locator ---> By.xpath: //button[text()='Sign Out'] <--- was found
10:00:49.161  INFO  tests.TestBase - Test start with contactContact(name=Mona, lastName=Dow, phone=null, email=null, address=Haifa, description=friend)
10:00:49.162  INFO  manager.MyListener - 'Start find' element ---> By.cssSelector: [href='/add']
10:00:49.180  INFO  manager.MyListener - The element with locator ---> By.cssSelector: [href='/add'] <--- was found
10:00:49.248  INFO  manager.MyListener - 'Start find' element ---> By.cssSelector: [placeholder='Name']
10:00:49.259  INFO  manager.MyListener - The element with locator ---> By.cssSelector: [placeholder='Name'] <--- was found
10:00:49.423  INFO  manager.MyListener - 'Start find' element ---> By.cssSelector: [placeholder='Last Name']
10:00:49.441  INFO  manager.MyListener - The element with locator ---> By.cssSelector: [placeholder='Last Name'] <--- was found
10:00:49.551  INFO  manager.MyListener - 'Start find' element ---> By.cssSelector: [placeholder='Phone']
10:00:49.564  INFO  manager.MyListener - The element with locator ---> By.cssSelector: [placeholder='Phone'] <--- was found
10:00:49.718  INFO  manager.MyListener - 'Start find' element ---> By.cssSelector: [placeholder='email']
10:00:49.733  INFO  manager.MyListener - The element with locator ---> By.cssSelector: [placeholder='email'] <--- was found
10:00:50.114  INFO  manager.MyListener - 'Start find' element ---> By.cssSelector: [placeholder='Address']
10:00:50.132  INFO  manager.MyListener - The element with locator ---> By.cssSelector: [placeholder='Address'] <--- was found
10:00:50.292  INFO  manager.MyListener - 'Start find' element ---> By.cssSelector: [placeholder='description']
10:00:50.299  INFO  manager.MyListener - The element with locator ---> By.cssSelector: [placeholder='description'] <--- was found
10:00:50.416  INFO  manager.MyListener - 'Start find' element ---> By.cssSelector: b
10:00:50.430  INFO  manager.MyListener - The element with locator ---> By.cssSelector: b <--- was found
10:00:50.484  INFO  manager.MyListener - 'Start find' element ---> By.cssSelector: h2
10:00:50.701  INFO  manager.MyListener - The element with locator ---> By.cssSelector: h2 <--- was found
10:00:50.729  INFO  manager.MyListener - 'Start find' element ---> By.cssSelector: h3
10:00:50.738  INFO  manager.MyListener - The element with locator ---> By.cssSelector: h3 <--- was found
10:00:50.761  INFO  tests.TestBase - Start test --->addNewContactSuccessDataProviderCSV
10:00:50.762  INFO  manager.MyListener - 'Start find' element ---> By.xpath: //button[text()='Sign Out']
10:00:50.770  INFO  manager.MyListener - The element with locator ---> By.xpath: //button[text()='Sign Out'] <--- was found
10:00:50.770  INFO  tests.TestBase - Test start with contactContact(name=John, lastName=Wick, phone=null, email=null, address=Rehovot,Israel, description=friend)
10:00:50.771  INFO  manager.MyListener - 'Start find' element ---> By.cssSelector: [href='/add']
10:00:50.782  INFO  manager.MyListener - The element with locator ---> By.cssSelector: [href='/add'] <--- was found
10:00:50.850  INFO  manager.MyListener - 'Start find' element ---> By.cssSelector: [placeholder='Name']
10:00:50.861  INFO  manager.MyListener - The element with locator ---> By.cssSelector: [placeholder='Name'] <--- was found
10:00:51.124  INFO  manager.MyListener - 'Start find' element ---> By.cssSelector: [placeholder='Last Name']
10:00:51.179  INFO  manager.MyListener - The element with locator ---> By.cssSelector: [placeholder='Last Name'] <--- was found
10:00:51.340  INFO  manager.MyListener - 'Start find' element ---> By.cssSelector: [placeholder='Phone']
10:00:51.348  INFO  manager.MyListener - The element with locator ---> By.cssSelector: [placeholder='Phone'] <--- was found
10:00:51.488  INFO  manager.MyListener - 'Start find' element ---> By.cssSelector: [placeholder='email']
10:00:51.501  INFO  manager.MyListener - The element with locator ---> By.cssSelector: [placeholder='email'] <--- was found
10:00:51.628  INFO  manager.MyListener - 'Start find' element ---> By.cssSelector: [placeholder='Address']
10:00:51.636  INFO  manager.MyListener - The element with locator ---> By.cssSelector: [placeholder='Address'] <--- was found
10:00:51.772  INFO  manager.MyListener - 'Start find' element ---> By.cssSelector: [placeholder='description']
10:00:51.785  INFO  manager.MyListener - The element with locator ---> By.cssSelector: [placeholder='description'] <--- was found
10:00:52.089  INFO  manager.MyListener - 'Start find' element ---> By.cssSelector: b
10:00:52.100  INFO  manager.MyListener - The element with locator ---> By.cssSelector: b <--- was found
10:00:52.137  INFO  manager.MyListener - 'Start find' element ---> By.cssSelector: h2
10:00:52.365  INFO  manager.MyListener - The element with locator ---> By.cssSelector: h2 <--- was found
10:00:52.407  INFO  manager.MyListener - 'Start find' element ---> By.cssSelector: h3
10:00:52.414  INFO  manager.MyListener - The element with locator ---> By.cssSelector: h3 <--- was found
10:00:52.457  INFO  tests.TestBase - Start test --->addNewContactSuccessDataProviderCSV
10:00:52.457  INFO  manager.MyListener - 'Start find' element ---> By.xpath: //button[text()='Sign Out']
10:00:52.469  INFO  manager.MyListener - The element with locator ---> By.xpath: //button[text()='Sign Out'] <--- was found
10:00:52.470  INFO  tests.TestBase - Test start with contactContact(name=Mona, lastName=Dow, phone=null, email=null, address=Haifa, description=friend)
10:00:52.470  INFO  manager.MyListener - 'Start find' element ---> By.cssSelector: [href='/add']
10:00:52.477  INFO  manager.MyListener - The element with locator ---> By.cssSelector: [href='/add'] <--- was found
10:00:52.513  INFO  manager.MyListener - 'Start find' element ---> By.cssSelector: [placeholder='Name']
10:00:52.538  INFO  manager.MyListener - The element with locator ---> By.cssSelector: [placeholder='Name'] <--- was found
10:00:52.696  INFO  manager.MyListener - 'Start find' element ---> By.cssSelector: [placeholder='Last Name']
10:00:52.706  INFO  manager.MyListener - The element with locator ---> By.cssSelector: [placeholder='Last Name'] <--- was found
10:00:52.819  INFO  manager.MyListener - 'Start find' element ---> By.cssSelector: [placeholder='Phone']
10:00:52.830  INFO  manager.MyListener - The element with locator ---> By.cssSelector: [placeholder='Phone'] <--- was found
10:00:52.972  INFO  manager.MyListener - 'Start find' element ---> By.cssSelector: [placeholder='email']
10:00:52.985  INFO  manager.MyListener - The element with locator ---> By.cssSelector: [placeholder='email'] <--- was found
10:00:53.139  INFO  manager.MyListener - 'Start find' element ---> By.cssSelector: [placeholder='Address']
10:00:53.151  INFO  manager.MyListener - The element with locator ---> By.cssSelector: [placeholder='Address'] <--- was found
10:00:53.270  INFO  manager.MyListener - 'Start find' element ---> By.cssSelector: [placeholder='description']
10:00:53.287  INFO  manager.MyListener - The element with locator ---> By.cssSelector: [placeholder='description'] <--- was found
10:00:53.435  INFO  manager.MyListener - 'Start find' element ---> By.cssSelector: b
10:00:53.452  INFO  manager.MyListener - The element with locator ---> By.cssSelector: b <--- was found
10:00:53.547  INFO  manager.MyListener - 'Start find' element ---> By.cssSelector: h2
10:00:53.729  INFO  manager.MyListener - The element with locator ---> By.cssSelector: h2 <--- was found
10:00:53.751  INFO  manager.MyListener - 'Start find' element ---> By.cssSelector: h3
10:00:53.762  INFO  manager.MyListener - The element with locator ---> By.cssSelector: h3 <--- was found
10:00:53.820  INFO  tests.TestBase - Start test --->addNewContactSuccessDataProviderCSV
10:00:53.821  INFO  manager.MyListener - 'Start find' element ---> By.xpath: //button[text()='Sign Out']
10:00:53.828  INFO  manager.MyListener - The element with locator ---> By.xpath: //button[text()='Sign Out'] <--- was found
10:00:53.829  INFO  tests.TestBase - Test start with contactContact(name=John, lastName=Wick, phone=null, email=null, address=Rehovot,Israel, description=friend)
10:00:53.829  INFO  manager.MyListener - 'Start find' element ---> By.cssSelector: [href='/add']
10:00:53.836  INFO  manager.MyListener - The element with locator ---> By.cssSelector: [href='/add'] <--- was found
10:00:53.864  INFO  manager.MyListener - 'Start find' element ---> By.cssSelector: [placeholder='Name']
10:00:53.874  INFO  manager.MyListener - The element with locator ---> By.cssSelector: [placeholder='Name'] <--- was found
10:00:54.019  INFO  manager.MyListener - 'Start find' element ---> By.cssSelector: [placeholder='Last Name']
10:00:54.029  INFO  manager.MyListener - The element with locator ---> By.cssSelector: [placeholder='Last Name'] <--- was found
10:00:54.129  INFO  manager.MyListener - 'Start find' element ---> By.cssSelector: [placeholder='Phone']
10:00:54.135  INFO  manager.MyListener - The element with locator ---> By.cssSelector: [placeholder='Phone'] <--- was found
10:00:54.267  INFO  manager.MyListener - 'Start find' element ---> By.cssSelector: [placeholder='email']
10:00:54.278  INFO  manager.MyListener - The element with locator ---> By.cssSelector: [placeholder='email'] <--- was found
10:00:54.389  INFO  manager.MyListener - 'Start find' element ---> By.cssSelector: [placeholder='Address']
10:00:54.397  INFO  manager.MyListener - The element with locator ---> By.cssSelector: [placeholder='Address'] <--- was found
10:00:54.517  INFO  manager.MyListener - 'Start find' element ---> By.cssSelector: [placeholder='description']
10:00:54.528  INFO  manager.MyListener - The element with locator ---> By.cssSelector: [placeholder='description'] <--- was found
10:00:54.617  INFO  manager.MyListener - 'Start find' element ---> By.cssSelector: b
10:00:54.628  INFO  manager.MyListener - The element with locator ---> By.cssSelector: b <--- was found
10:00:54.668  INFO  manager.MyListener - 'Start find' element ---> By.cssSelector: h2
10:00:55.088  INFO  manager.MyListener - The element with locator ---> By.cssSelector: h2 <--- was found
10:00:55.118  INFO  manager.MyListener - 'Start find' element ---> By.cssSelector: h3
10:00:55.132  INFO  manager.MyListener - The element with locator ---> By.cssSelector: h3 <--- was found
