11:00:17.119  INFO  manager.ApplicationManager - Tests start in ChromeDriver
11:00:18.257  INFO  manager.ApplicationManager - The lint is --> https://contacts-app.tobbymarshall815.vercel.app/home
11:00:18.301  INFO  tests.TestBase - Start test --->removeOneContact
11:00:18.305  INFO  manager.MyListener - 'Start find' element ---> By.xpath: //button[text()='Sign Out']
11:00:23.320  INFO  manager.MyListener - The element with locator ---> By.xpath: //button[text()='Sign Out'] <--- was found
11:00:23.321  INFO  manager.MyListener - 'Start find' element ---> By.cssSelector: [href='/login']
11:00:23.338  INFO  manager.MyListener - The element with locator ---> By.cssSelector: [href='/login'] <--- was found
11:00:23.457  INFO  manager.MyListener - 'Start find' element ---> By.xpath: //input[1]
11:00:23.475  INFO  manager.MyListener - The element with locator ---> By.xpath: //input[1] <--- was found
11:00:23.843  INFO  manager.MyListener - 'Start find' element ---> By.xpath: //input[2]
11:00:23.865  INFO  manager.MyListener - The element with locator ---> By.xpath: //input[2] <--- was found
11:00:24.077  INFO  manager.MyListener - 'Start find' element ---> By.xpath: //*[text()=' Login']
11:00:24.100  INFO  manager.MyListener - The element with locator ---> By.xpath: //*[text()=' Login'] <--- was found
11:00:24.194  INFO  manager.MyListener - 'Start find' element ---> By.cssSelector: .contact-item_card__2SOIM
11:00:24.975  INFO  manager.MyListener - The element with locator ---> By.cssSelector: .contact-item_card__2SOIM <--- was found
11:00:24.977  INFO  manager.MyListener - 'Start find' element ---> By.cssSelector: .contact-item_card__2SOIM
11:00:25.000  INFO  manager.MyListener - The element with locator ---> By.cssSelector: .contact-item_card__2SOIM <--- was found
11:00:25.001  INFO  manager.MyListener - 'Start find' element ---> By.cssSelector: .contact-item_card__2SOIM
11:00:25.027  INFO  manager.MyListener - The element with locator ---> By.cssSelector: .contact-item_card__2SOIM <--- was found
11:00:25.083  INFO  manager.MyListener - 'Start find' element ---> By.xpath: //button[text()='Remove']
11:00:25.114  INFO  manager.MyListener - The element with locator ---> By.xpath: //button[text()='Remove'] <--- was found
11:00:26.668  INFO  manager.MyListener - 'Start find' element ---> By.cssSelector: .contact-item_card__2SOIM
11:00:26.689  INFO  manager.MyListener - The element with locator ---> By.cssSelector: .contact-item_card__2SOIM <--- was found
