20:04:34.207  INFO  manager.ApplicationManager - Tests start in ChromeDriver
20:04:36.265  INFO  manager.ApplicationManager - The lint is --> https://contacts-app.tobbymarshall815.vercel.app/home
20:04:36.341  INFO  tests.TestBase - Start test --->loginModelDataProvider
20:04:36.369  INFO  manager.MyListener - 'Start find' element ---> By.xpath: //button[text()='Sign Out']
20:04:41.407  INFO  manager.MyListener - The element with locator ---> By.xpath: //button[text()='Sign Out'] <--- was found
20:04:41.409  INFO  manager.MyListener - 'Start find' element ---> By.cssSelector: [href='/login']
20:04:41.462  INFO  manager.MyListener - The element with locator ---> By.cssSelector: [href='/login'] <--- was found
20:04:41.567  INFO  manager.MyListener - 'Start find' element ---> By.xpath: //input[1]
20:04:41.612  INFO  manager.MyListener - The element with locator ---> By.xpath: //input[1] <--- was found
20:04:42.003  INFO  manager.MyListener - 'Start find' element ---> By.xpath: //input[2]
20:04:42.019  INFO  manager.MyListener - The element with locator ---> By.xpath: //input[2] <--- was found
20:04:42.229  INFO  manager.MyListener - 'Start find' element ---> By.xpath: //*[text()=' Login']
20:04:42.257  INFO  manager.MyListener - The element with locator ---> By.xpath: //*[text()=' Login'] <--- was found
20:04:42.377  INFO  manager.MyListener - 'Start find' element ---> By.xpath: //*[text()='Sign Out']
20:04:47.446  INFO  manager.MyListener - The element with locator ---> By.xpath: //*[text()='Sign Out'] <--- was found
20:04:47.455  INFO  tests.TestBase - Start test --->loginModelDataProvider
20:04:47.465  INFO  manager.MyListener - 'Start find' element ---> By.xpath: //button[text()='Sign Out']
20:04:52.547  INFO  manager.MyListener - The element with locator ---> By.xpath: //button[text()='Sign Out'] <--- was found
20:04:52.547  INFO  manager.MyListener - 'Start find' element ---> By.cssSelector: [href='/login']
20:04:52.563  INFO  manager.MyListener - The element with locator ---> By.cssSelector: [href='/login'] <--- was found
20:04:52.630  INFO  manager.MyListener - 'Start find' element ---> By.xpath: //input[1]
20:04:57.694  INFO  manager.MyListener - We have a 'throwable' -- >no such element: Unable to locate element: {"method":"xpath","selector":"//input[1]"}
  (Session info: chrome=101.0.4951.41)
For documentation on this error, please visit: https://www.seleniumhq.org/exceptions/no_such_element.html
Build info: version: '3.141.59', revision: 'e82be7d358', time: '2018-11-14T08:17:03'
System info: host: 'MacBook-Pro-Taya.local', ip: 'fe80:0:0:0:441:8644:8cc9:7d60%en0', os.name: 'Mac OS X', os.arch: 'x86_64', os.version: '10.16', java.version: '1.8.0_151'
Driver info: org.openqa.selenium.chrome.ChromeDriver
Capabilities {acceptInsecureCerts: false, browserName: chrome, browserVersion: 101.0.4951.41, chrome: {chromedriverVersion: 101.0.4951.41 (93c720db8323..., userDataDir: /var/folders/s_/hl4vhy0959g...}, goog:chromeOptions: {debuggerAddress: localhost:50768}, javascriptEnabled: true, networkConnectionEnabled: false, pageLoadStrategy: normal, platform: MAC, platformName: MAC, proxy: Proxy(), setWindowRect: true, strictFileInteractability: false, timeouts: {implicit: 0, pageLoad: 300000, script: 30000}, unhandledPromptBehavior: dismiss and notify, webauthn:extension:credBlob: true, webauthn:extension:largeBlob: true, webauthn:virtualAuthenticators: true}
Session ID: d5780d1e13e5ec7ed6702978357d7880
*** Element info: {Using=xpath, value=//input[1]}
20:04:57.695  INFO  manager.MyListener - We have a 'fill In StackTrace' -- >org.openqa.selenium.NoSuchElementException: no such element: Unable to locate element: {"method":"xpath","selector":"//input[1]"}
  (Session info: chrome=101.0.4951.41)
For documentation on this error, please visit: https://www.seleniumhq.org/exceptions/no_such_element.html
Build info: version: '3.141.59', revision: 'e82be7d358', time: '2018-11-14T08:17:03'
System info: host: 'MacBook-Pro-Taya.local', ip: 'fe80:0:0:0:441:8644:8cc9:7d60%en0', os.name: 'Mac OS X', os.arch: 'x86_64', os.version: '10.16', java.version: '1.8.0_151'
Driver info: org.openqa.selenium.chrome.ChromeDriver
Capabilities {acceptInsecureCerts: false, browserName: chrome, browserVersion: 101.0.4951.41, chrome: {chromedriverVersion: 101.0.4951.41 (93c720db8323..., userDataDir: /var/folders/s_/hl4vhy0959g...}, goog:chromeOptions: {debuggerAddress: localhost:50768}, javascriptEnabled: true, networkConnectionEnabled: false, pageLoadStrategy: normal, platform: MAC, platformName: MAC, proxy: Proxy(), setWindowRect: true, strictFileInteractability: false, timeouts: {implicit: 0, pageLoad: 300000, script: 30000}, unhandledPromptBehavior: dismiss and notify, webauthn:extension:credBlob: true, webauthn:extension:largeBlob: true, webauthn:virtualAuthenticators: true}
Session ID: d5780d1e13e5ec7ed6702978357d7880
*** Element info: {Using=xpath, value=//input[1]}
20:04:59.362  INFO  manager.MyListener - This is the link to screen with problem -->src/test/screenshots/screen-297.png
20:04:59.365  INFO  tests.TestBase - Start test --->loginModelDataProvider
20:04:59.368  INFO  manager.MyListener - 'Start find' element ---> By.xpath: //button[text()='Sign Out']
20:04:59.385  INFO  manager.MyListener - The element with locator ---> By.xpath: //button[text()='Sign Out'] <--- was found
20:04:59.388  INFO  manager.MyListener - 'Start find' element ---> By.xpath: //button[text()='Sign Out']
20:04:59.409  INFO  manager.MyListener - The element with locator ---> By.xpath: //button[text()='Sign Out'] <--- was found
20:04:59.517  INFO  manager.MyListener - 'Start find' element ---> By.cssSelector: [href='/login']
20:04:59.543  INFO  manager.MyListener - The element with locator ---> By.cssSelector: [href='/login'] <--- was found
20:04:59.592  INFO  manager.MyListener - 'Start find' element ---> By.xpath: //input[1]
20:04:59.612  INFO  manager.MyListener - The element with locator ---> By.xpath: //input[1] <--- was found
20:04:59.842  INFO  manager.MyListener - 'Start find' element ---> By.xpath: //input[2]
20:04:59.866  INFO  manager.MyListener - The element with locator ---> By.xpath: //input[2] <--- was found
20:05:00.048  INFO  manager.MyListener - 'Start find' element ---> By.xpath: //*[text()=' Login']
20:05:00.070  INFO  manager.MyListener - The element with locator ---> By.xpath: //*[text()=' Login'] <--- was found
20:05:00.173  INFO  manager.MyListener - 'Start find' element ---> By.xpath: //*[text()='Sign Out']
20:05:00.441  INFO  manager.MyListener - The element with locator ---> By.xpath: //*[text()='Sign Out'] <--- was found
20:05:00.443  INFO  tests.TestBase - Start test --->loginModelDataProvider
20:05:00.444  INFO  manager.MyListener - 'Start find' element ---> By.xpath: //button[text()='Sign Out']
20:05:00.454  INFO  manager.MyListener - The element with locator ---> By.xpath: //button[text()='Sign Out'] <--- was found
20:05:00.454  INFO  manager.MyListener - 'Start find' element ---> By.xpath: //button[text()='Sign Out']
20:05:00.464  INFO  manager.MyListener - The element with locator ---> By.xpath: //button[text()='Sign Out'] <--- was found
20:05:00.532  INFO  manager.MyListener - 'Start find' element ---> By.cssSelector: [href='/login']
20:05:00.551  INFO  manager.MyListener - The element with locator ---> By.cssSelector: [href='/login'] <--- was found
20:05:00.626  INFO  manager.MyListener - 'Start find' element ---> By.xpath: //input[1]
20:05:00.640  INFO  manager.MyListener - The element with locator ---> By.xpath: //input[1] <--- was found
20:05:00.900  INFO  manager.MyListener - 'Start find' element ---> By.xpath: //input[2]
20:05:00.922  INFO  manager.MyListener - The element with locator ---> By.xpath: //input[2] <--- was found
20:05:01.057  INFO  manager.MyListener - 'Start find' element ---> By.xpath: //*[text()=' Login']
20:05:01.067  INFO  manager.MyListener - The element with locator ---> By.xpath: //*[text()=' Login'] <--- was found
20:05:01.173  INFO  manager.MyListener - 'Start find' element ---> By.xpath: //*[text()='Sign Out']
20:05:01.251  INFO  manager.MyListener - The element with locator ---> By.xpath: //*[text()='Sign Out'] <--- was found
20:05:01.259  INFO  tests.TestBase - Start test --->loginModelDataProviderCSV
20:05:01.260  INFO  manager.MyListener - 'Start find' element ---> By.xpath: //button[text()='Sign Out']
20:05:01.271  INFO  manager.MyListener - The element with locator ---> By.xpath: //button[text()='Sign Out'] <--- was found
20:05:01.272  INFO  manager.MyListener - 'Start find' element ---> By.xpath: //button[text()='Sign Out']
20:05:01.300  INFO  manager.MyListener - The element with locator ---> By.xpath: //button[text()='Sign Out'] <--- was found
20:05:01.409  INFO  manager.MyListener - 'Start find' element ---> By.cssSelector: [href='/login']
20:05:01.428  INFO  manager.MyListener - The element with locator ---> By.cssSelector: [href='/login'] <--- was found
20:05:01.500  INFO  manager.MyListener - 'Start find' element ---> By.xpath: //input[1]
20:05:01.519  INFO  manager.MyListener - The element with locator ---> By.xpath: //input[1] <--- was found
20:05:01.761  INFO  manager.MyListener - 'Start find' element ---> By.xpath: //input[2]
20:05:01.778  INFO  manager.MyListener - The element with locator ---> By.xpath: //input[2] <--- was found
20:05:01.999  INFO  manager.MyListener - 'Start find' element ---> By.xpath: //*[text()=' Login']
20:05:02.030  INFO  manager.MyListener - The element with locator ---> By.xpath: //*[text()=' Login'] <--- was found
20:05:02.128  INFO  manager.MyListener - 'Start find' element ---> By.xpath: //*[text()='Sign Out']
20:05:02.227  INFO  manager.MyListener - The element with locator ---> By.xpath: //*[text()='Sign Out'] <--- was found
20:05:02.231  INFO  tests.TestBase - Start test --->loginModelDataProviderCSV
20:05:02.233  INFO  manager.MyListener - 'Start find' element ---> By.xpath: //button[text()='Sign Out']
20:05:02.252  INFO  manager.MyListener - The element with locator ---> By.xpath: //button[text()='Sign Out'] <--- was found
20:05:02.252  INFO  manager.MyListener - 'Start find' element ---> By.xpath: //button[text()='Sign Out']
20:05:02.264  INFO  manager.MyListener - The element with locator ---> By.xpath: //button[text()='Sign Out'] <--- was found
20:05:02.341  INFO  manager.MyListener - 'Start find' element ---> By.cssSelector: [href='/login']
20:05:02.351  INFO  manager.MyListener - The element with locator ---> By.cssSelector: [href='/login'] <--- was found
20:05:02.415  INFO  manager.MyListener - 'Start find' element ---> By.xpath: //input[1]
20:05:02.433  INFO  manager.MyListener - The element with locator ---> By.xpath: //input[1] <--- was found
20:05:02.751  INFO  manager.MyListener - 'Start find' element ---> By.xpath: //input[2]
20:05:02.764  INFO  manager.MyListener - The element with locator ---> By.xpath: //input[2] <--- was found
20:05:02.974  INFO  manager.MyListener - 'Start find' element ---> By.xpath: //*[text()=' Login']
20:05:02.985  INFO  manager.MyListener - The element with locator ---> By.xpath: //*[text()=' Login'] <--- was found
20:05:03.092  INFO  manager.MyListener - 'Start find' element ---> By.xpath: //*[text()='Sign Out']
20:05:03.219  INFO  manager.MyListener - The element with locator ---> By.xpath: //*[text()='Sign Out'] <--- was found
20:05:03.225  INFO  tests.TestBase - Start test --->loginModelDataProviderCSV
20:05:03.227  INFO  manager.MyListener - 'Start find' element ---> By.xpath: //button[text()='Sign Out']
20:05:03.245  INFO  manager.MyListener - The element with locator ---> By.xpath: //button[text()='Sign Out'] <--- was found
20:05:03.245  INFO  manager.MyListener - 'Start find' element ---> By.xpath: //button[text()='Sign Out']
20:05:03.258  INFO  manager.MyListener - The element with locator ---> By.xpath: //button[text()='Sign Out'] <--- was found
20:05:03.323  INFO  manager.MyListener - 'Start find' element ---> By.cssSelector: [href='/login']
20:05:03.347  INFO  manager.MyListener - The element with locator ---> By.cssSelector: [href='/login'] <--- was found
20:05:03.417  INFO  manager.MyListener - 'Start find' element ---> By.xpath: //input[1]
20:05:03.440  INFO  manager.MyListener - The element with locator ---> By.xpath: //input[1] <--- was found
20:05:03.757  INFO  manager.MyListener - 'Start find' element ---> By.xpath: //input[2]
20:05:03.768  INFO  manager.MyListener - The element with locator ---> By.xpath: //input[2] <--- was found
20:05:04.127  INFO  manager.MyListener - 'Start find' element ---> By.xpath: //*[text()=' Login']
20:05:04.144  INFO  manager.MyListener - The element with locator ---> By.xpath: //*[text()=' Login'] <--- was found
20:05:04.259  INFO  manager.MyListener - 'Start find' element ---> By.xpath: //*[text()='Sign Out']
20:05:04.383  INFO  manager.MyListener - The element with locator ---> By.xpath: //*[text()='Sign Out'] <--- was found
20:05:04.389  INFO  tests.TestBase - Start test --->loginModelDataProviderCSV
20:05:04.391  INFO  manager.MyListener - 'Start find' element ---> By.xpath: //button[text()='Sign Out']
20:05:04.402  INFO  manager.MyListener - The element with locator ---> By.xpath: //button[text()='Sign Out'] <--- was found
20:05:04.404  INFO  manager.MyListener - 'Start find' element ---> By.xpath: //button[text()='Sign Out']
20:05:04.427  INFO  manager.MyListener - The element with locator ---> By.xpath: //button[text()='Sign Out'] <--- was found
20:05:04.494  INFO  manager.MyListener - 'Start find' element ---> By.cssSelector: [href='/login']
20:05:04.508  INFO  manager.MyListener - The element with locator ---> By.cssSelector: [href='/login'] <--- was found
20:05:04.575  INFO  manager.MyListener - 'Start find' element ---> By.xpath: //input[1]
20:05:04.588  INFO  manager.MyListener - The element with locator ---> By.xpath: //input[1] <--- was found
20:05:04.841  INFO  manager.MyListener - 'Start find' element ---> By.xpath: //input[2]
20:05:04.857  INFO  manager.MyListener - The element with locator ---> By.xpath: //input[2] <--- was found
20:05:05.014  INFO  manager.MyListener - 'Start find' element ---> By.xpath: //*[text()=' Login']
20:05:05.027  INFO  manager.MyListener - The element with locator ---> By.xpath: //*[text()=' Login'] <--- was found
20:05:05.114  INFO  manager.MyListener - 'Start find' element ---> By.xpath: //*[text()='Sign Out']
20:05:05.239  INFO  manager.MyListener - The element with locator ---> By.xpath: //*[text()='Sign Out'] <--- was found
20:05:05.242  INFO  tests.TestBase - Start test --->loginNegativeTestWrongPassword
20:05:05.243  INFO  manager.MyListener - 'Start find' element ---> By.xpath: //button[text()='Sign Out']
20:05:05.255  INFO  manager.MyListener - The element with locator ---> By.xpath: //button[text()='Sign Out'] <--- was found
20:05:05.255  INFO  manager.MyListener - 'Start find' element ---> By.xpath: //button[text()='Sign Out']
20:05:05.269  INFO  manager.MyListener - The element with locator ---> By.xpath: //button[text()='Sign Out'] <--- was found
20:05:05.332  INFO  manager.MyListener - 'Start find' element ---> By.cssSelector: [href='/login']
20:05:05.367  INFO  manager.MyListener - The element with locator ---> By.cssSelector: [href='/login'] <--- was found
20:05:05.462  INFO  manager.MyListener - 'Start find' element ---> By.xpath: //input[1]
20:05:05.476  INFO  manager.MyListener - The element with locator ---> By.xpath: //input[1] <--- was found
20:05:05.678  INFO  manager.MyListener - 'Start find' element ---> By.xpath: //input[2]
20:05:05.702  INFO  manager.MyListener - The element with locator ---> By.xpath: //input[2] <--- was found
20:05:05.848  INFO  manager.MyListener - 'Start find' element ---> By.xpath: //*[text()=' Login']
20:05:05.861  INFO  manager.MyListener - The element with locator ---> By.xpath: //*[text()=' Login'] <--- was found
20:05:05.904  INFO  manager.MyListener - 'Start find' element ---> By.xpath: //*[text()='Sign Out']
20:05:06.090  INFO  manager.MyListener - The element with locator ---> By.xpath: //*[text()='Sign Out'] <--- was found
20:05:06.233  INFO  tests.TestBase - Start test --->loginSuccess
20:05:06.235  INFO  manager.MyListener - 'Start find' element ---> By.xpath: //button[text()='Sign Out']
20:05:11.263  INFO  manager.MyListener - The element with locator ---> By.xpath: //button[text()='Sign Out'] <--- was found
20:05:11.265  INFO  tests.TestBase - Start test --->loginSuccessNew
20:05:11.266  INFO  manager.MyListener - 'Start find' element ---> By.xpath: //button[text()='Sign Out']
20:05:16.270  INFO  manager.MyListener - The element with locator ---> By.xpath: //button[text()='Sign Out'] <--- was found
20:05:16.271  INFO  tests.TestBase - Tests start with email : noa@gmail.comand password : Nnoa12345$
20:05:16.271  INFO  manager.MyListener - 'Start find' element ---> By.cssSelector: [href='/login']
20:05:16.284  INFO  manager.MyListener - The element with locator ---> By.cssSelector: [href='/login'] <--- was found
20:05:16.345  INFO  manager.MyListener - 'Start find' element ---> By.xpath: //input[1]
20:05:16.359  INFO  manager.MyListener - The element with locator ---> By.xpath: //input[1] <--- was found
20:05:16.672  INFO  manager.MyListener - 'Start find' element ---> By.xpath: //input[2]
20:05:16.683  INFO  manager.MyListener - The element with locator ---> By.xpath: //input[2] <--- was found
20:05:16.925  INFO  manager.MyListener - 'Start find' element ---> By.xpath: //*[text()=' Login']
20:05:16.945  INFO  manager.MyListener - The element with locator ---> By.xpath: //*[text()=' Login'] <--- was found
20:05:17.031  INFO  manager.MyListener - 'Start find' element ---> By.xpath: //*[text()='Sign Out']
20:05:17.101  INFO  manager.MyListener - The element with locator ---> By.xpath: //*[text()='Sign Out'] <--- was found
20:05:17.101  INFO  tests.TestBase - test passed
20:05:17.103  INFO  tests.TestBase - Start test --->loginSuccessNew
20:05:17.104  INFO  manager.MyListener - 'Start find' element ---> By.xpath: //button[text()='Sign Out']
20:05:17.125  INFO  manager.MyListener - The element with locator ---> By.xpath: //button[text()='Sign Out'] <--- was found
20:05:17.126  INFO  manager.MyListener - 'Start find' element ---> By.xpath: //button[text()='Sign Out']
20:05:17.136  INFO  manager.MyListener - The element with locator ---> By.xpath: //button[text()='Sign Out'] <--- was found
20:05:17.210  INFO  tests.TestBase - Tests start with email : mona@gmail.comand password : Mm12345$
20:05:17.210  INFO  manager.MyListener - 'Start find' element ---> By.cssSelector: [href='/login']
20:05:17.223  INFO  manager.MyListener - The element with locator ---> By.cssSelector: [href='/login'] <--- was found
20:05:17.279  INFO  manager.MyListener - 'Start find' element ---> By.xpath: //input[1]
20:05:17.291  INFO  manager.MyListener - The element with locator ---> By.xpath: //input[1] <--- was found
20:05:17.485  INFO  manager.MyListener - 'Start find' element ---> By.xpath: //input[2]
20:05:17.503  INFO  manager.MyListener - The element with locator ---> By.xpath: //input[2] <--- was found
20:05:17.674  INFO  manager.MyListener - 'Start find' element ---> By.xpath: //*[text()=' Login']
20:05:17.701  INFO  manager.MyListener - The element with locator ---> By.xpath: //*[text()=' Login'] <--- was found
20:05:17.816  INFO  manager.MyListener - 'Start find' element ---> By.xpath: //*[text()='Sign Out']
20:05:17.918  INFO  manager.MyListener - The element with locator ---> By.xpath: //*[text()='Sign Out'] <--- was found
20:05:17.920  INFO  tests.TestBase - test passed
20:05:17.923  INFO  tests.TestBase - Start test --->loginSuccessNew
20:05:17.925  INFO  manager.MyListener - 'Start find' element ---> By.xpath: //button[text()='Sign Out']
20:05:17.946  INFO  manager.MyListener - The element with locator ---> By.xpath: //button[text()='Sign Out'] <--- was found
20:05:17.946  INFO  manager.MyListener - 'Start find' element ---> By.xpath: //button[text()='Sign Out']
20:05:17.963  INFO  manager.MyListener - The element with locator ---> By.xpath: //button[text()='Sign Out'] <--- was found
20:05:18.142  INFO  tests.TestBase - Tests start with email : zoa@gmail.comand password : Zoa12345$
20:05:18.142  INFO  manager.MyListener - 'Start find' element ---> By.cssSelector: [href='/login']
20:05:18.161  INFO  manager.MyListener - The element with locator ---> By.cssSelector: [href='/login'] <--- was found
20:05:18.246  INFO  manager.MyListener - 'Start find' element ---> By.xpath: //input[1]
20:05:18.264  INFO  manager.MyListener - The element with locator ---> By.xpath: //input[1] <--- was found
20:05:18.560  INFO  manager.MyListener - 'Start find' element ---> By.xpath: //input[2]
20:05:18.574  INFO  manager.MyListener - The element with locator ---> By.xpath: //input[2] <--- was found
20:05:18.840  INFO  manager.MyListener - 'Start find' element ---> By.xpath: //*[text()=' Login']
20:05:18.860  INFO  manager.MyListener - The element with locator ---> By.xpath: //*[text()=' Login'] <--- was found
20:05:18.948  INFO  manager.MyListener - 'Start find' element ---> By.xpath: //*[text()='Sign Out']
20:05:19.071  INFO  manager.MyListener - The element with locator ---> By.xpath: //*[text()='Sign Out'] <--- was found
20:05:19.071  INFO  tests.TestBase - test passed
20:05:19.072  INFO  tests.TestBase - Start test --->loginSuccessNew
20:05:19.073  INFO  manager.MyListener - 'Start find' element ---> By.xpath: //button[text()='Sign Out']
20:05:19.084  INFO  manager.MyListener - The element with locator ---> By.xpath: //button[text()='Sign Out'] <--- was found
20:05:19.084  INFO  manager.MyListener - 'Start find' element ---> By.xpath: //button[text()='Sign Out']
20:05:19.100  INFO  manager.MyListener - The element with locator ---> By.xpath: //button[text()='Sign Out'] <--- was found
20:05:19.153  INFO  tests.TestBase - Tests start with email : wick416@gmail.comand password : Ww12345$
20:05:19.153  INFO  manager.MyListener - 'Start find' element ---> By.cssSelector: [href='/login']
20:05:19.199  INFO  manager.MyListener - The element with locator ---> By.cssSelector: [href='/login'] <--- was found
20:05:19.265  INFO  manager.MyListener - 'Start find' element ---> By.xpath: //input[1]
20:05:19.281  INFO  manager.MyListener - The element with locator ---> By.xpath: //input[1] <--- was found
20:05:19.533  INFO  manager.MyListener - 'Start find' element ---> By.xpath: //input[2]
20:05:19.550  INFO  manager.MyListener - The element with locator ---> By.xpath: //input[2] <--- was found
20:05:19.670  INFO  manager.MyListener - 'Start find' element ---> By.xpath: //*[text()=' Login']
20:05:19.683  INFO  manager.MyListener - The element with locator ---> By.xpath: //*[text()=' Login'] <--- was found
20:05:19.776  INFO  manager.MyListener - 'Start find' element ---> By.xpath: //*[text()='Sign Out']
20:05:19.852  INFO  manager.MyListener - The element with locator ---> By.xpath: //*[text()='Sign Out'] <--- was found
20:05:19.853  INFO  tests.TestBase - test passed
20:05:19.860  INFO  tests.TestBase - Start test --->registrationSuccess
20:05:19.863  INFO  manager.MyListener - 'Start find' element ---> By.xpath: //button[text()='Sign Out']
20:05:19.881  INFO  manager.MyListener - The element with locator ---> By.xpath: //button[text()='Sign Out'] <--- was found
20:05:19.882  INFO  manager.MyListener - 'Start find' element ---> By.xpath: //button[text()='Sign Out']
20:05:19.895  INFO  manager.MyListener - The element with locator ---> By.xpath: //button[text()='Sign Out'] <--- was found
20:05:19.958  INFO  tests.TestBase - wick319@gmail.com
20:05:19.958  INFO  tests.TestBase - The index is --->319
20:05:19.958  INFO  manager.MyListener - 'Start find' element ---> By.cssSelector: [href='/login']
20:05:19.978  INFO  manager.MyListener - The element with locator ---> By.cssSelector: [href='/login'] <--- was found
20:05:20.045  INFO  manager.MyListener - 'Start find' element ---> By.xpath: //input[1]
20:05:20.061  INFO  manager.MyListener - The element with locator ---> By.xpath: //input[1] <--- was found
20:05:20.319  INFO  manager.MyListener - 'Start find' element ---> By.xpath: //input[2]
20:05:20.333  INFO  manager.MyListener - The element with locator ---> By.xpath: //input[2] <--- was found
20:05:20.502  INFO  manager.MyListener - 'Start find' element ---> By.xpath: //button[2]
20:05:20.516  INFO  manager.MyListener - The element with locator ---> By.xpath: //button[2] <--- was found
20:05:20.564  INFO  manager.MyListener - 'Start find' element ---> By.xpath: //*[text()='Sign Out']
20:05:20.952  INFO  manager.MyListener - The element with locator ---> By.xpath: //*[text()='Sign Out'] <--- was found
