10:20:26.287  INFO  manager.ApplicationManager - Tests start in ChromeDriver
10:20:28.711  INFO  manager.ApplicationManager - The lint is --> https://contacts-app.tobbymarshall815.vercel.app/home
10:20:28.767  INFO  tests.TestBase - Start test --->loginModelDataProvider
10:20:28.769  INFO  manager.MyListener - 'Start find' element ---> By.xpath: //button[text()='Sign Out']
10:20:33.803  INFO  manager.MyListener - The element with locator ---> By.xpath: //button[text()='Sign Out'] <--- was found
10:20:33.805  INFO  manager.MyListener - 'Start find' element ---> By.cssSelector: [href='/login']
10:20:33.817  INFO  manager.MyListener - The element with locator ---> By.cssSelector: [href='/login'] <--- was found
10:20:33.887  INFO  manager.MyListener - 'Start find' element ---> By.xpath: //input[1]
10:20:33.909  INFO  manager.MyListener - The element with locator ---> By.xpath: //input[1] <--- was found
10:20:34.198  INFO  manager.MyListener - 'Start find' element ---> By.xpath: //input[2]
10:20:34.222  INFO  manager.MyListener - The element with locator ---> By.xpath: //input[2] <--- was found
10:20:34.368  INFO  manager.MyListener - 'Start find' element ---> By.xpath: //*[text()=' Login']
10:20:34.385  INFO  manager.MyListener - The element with locator ---> By.xpath: //*[text()=' Login'] <--- was found
10:20:34.461  INFO  manager.MyListener - 'Start find' element ---> By.xpath: //*[text()='Sign Out']
10:20:34.970  INFO  manager.MyListener - The element with locator ---> By.xpath: //*[text()='Sign Out'] <--- was found
10:20:34.980  INFO  tests.TestBase - Start test --->loginModelDataProvider
10:20:34.983  INFO  manager.MyListener - 'Start find' element ---> By.xpath: //button[text()='Sign Out']
10:20:35.025  INFO  manager.MyListener - The element with locator ---> By.xpath: //button[text()='Sign Out'] <--- was found
10:20:35.026  INFO  manager.MyListener - 'Start find' element ---> By.xpath: //button[text()='Sign Out']
10:20:35.043  INFO  manager.MyListener - The element with locator ---> By.xpath: //button[text()='Sign Out'] <--- was found
10:20:35.124  INFO  manager.MyListener - 'Start find' element ---> By.cssSelector: [href='/login']
10:20:35.136  INFO  manager.MyListener - The element with locator ---> By.cssSelector: [href='/login'] <--- was found
10:20:35.203  INFO  manager.MyListener - 'Start find' element ---> By.xpath: //input[1]
10:20:35.221  INFO  manager.MyListener - The element with locator ---> By.xpath: //input[1] <--- was found
10:20:35.368  INFO  manager.MyListener - 'Start find' element ---> By.xpath: //input[2]
10:20:35.379  INFO  manager.MyListener - The element with locator ---> By.xpath: //input[2] <--- was found
10:20:35.505  INFO  manager.MyListener - 'Start find' element ---> By.xpath: //*[text()=' Login']
10:20:35.525  INFO  manager.MyListener - The element with locator ---> By.xpath: //*[text()=' Login'] <--- was found
10:20:35.607  INFO  manager.MyListener - 'Start find' element ---> By.xpath: //*[text()='Sign Out']
10:20:35.676  INFO  manager.MyListener - The element with locator ---> By.xpath: //*[text()='Sign Out'] <--- was found
10:20:35.678  INFO  tests.TestBase - Start test --->loginModelDataProvider
10:20:35.679  INFO  manager.MyListener - 'Start find' element ---> By.xpath: //button[text()='Sign Out']
10:20:35.712  INFO  manager.MyListener - The element with locator ---> By.xpath: //button[text()='Sign Out'] <--- was found
10:20:35.712  INFO  manager.MyListener - 'Start find' element ---> By.xpath: //button[text()='Sign Out']
10:20:35.732  INFO  manager.MyListener - The element with locator ---> By.xpath: //button[text()='Sign Out'] <--- was found
10:20:35.836  INFO  manager.MyListener - 'Start find' element ---> By.cssSelector: [href='/login']
10:20:35.852  INFO  manager.MyListener - The element with locator ---> By.cssSelector: [href='/login'] <--- was found
10:20:35.902  INFO  manager.MyListener - 'Start find' element ---> By.xpath: //input[1]
10:20:35.911  INFO  manager.MyListener - The element with locator ---> By.xpath: //input[1] <--- was found
10:20:36.107  INFO  manager.MyListener - 'Start find' element ---> By.xpath: //input[2]
10:20:36.124  INFO  manager.MyListener - The element with locator ---> By.xpath: //input[2] <--- was found
10:20:36.289  INFO  manager.MyListener - 'Start find' element ---> By.xpath: //*[text()=' Login']
10:20:36.303  INFO  manager.MyListener - The element with locator ---> By.xpath: //*[text()=' Login'] <--- was found
10:20:36.400  INFO  manager.MyListener - 'Start find' element ---> By.xpath: //*[text()='Sign Out']
10:20:36.491  INFO  manager.MyListener - The element with locator ---> By.xpath: //*[text()='Sign Out'] <--- was found
10:20:36.493  INFO  tests.TestBase - Start test --->loginModelDataProvider
10:20:36.494  INFO  manager.MyListener - 'Start find' element ---> By.xpath: //button[text()='Sign Out']
10:20:36.504  INFO  manager.MyListener - The element with locator ---> By.xpath: //button[text()='Sign Out'] <--- was found
10:20:36.504  INFO  manager.MyListener - 'Start find' element ---> By.xpath: //button[text()='Sign Out']
10:20:36.514  INFO  manager.MyListener - The element with locator ---> By.xpath: //button[text()='Sign Out'] <--- was found
10:20:36.561  INFO  manager.MyListener - 'Start find' element ---> By.cssSelector: [href='/login']
10:20:36.571  INFO  manager.MyListener - The element with locator ---> By.cssSelector: [href='/login'] <--- was found
10:20:36.641  INFO  manager.MyListener - 'Start find' element ---> By.xpath: //input[1]
10:20:36.655  INFO  manager.MyListener - The element with locator ---> By.xpath: //input[1] <--- was found
10:20:36.872  INFO  manager.MyListener - 'Start find' element ---> By.xpath: //input[2]
10:20:36.882  INFO  manager.MyListener - The element with locator ---> By.xpath: //input[2] <--- was found
10:20:37.010  INFO  manager.MyListener - 'Start find' element ---> By.xpath: //*[text()=' Login']
10:20:37.026  INFO  manager.MyListener - The element with locator ---> By.xpath: //*[text()=' Login'] <--- was found
10:20:37.098  INFO  manager.MyListener - 'Start find' element ---> By.xpath: //*[text()='Sign Out']
10:20:37.168  INFO  manager.MyListener - The element with locator ---> By.xpath: //*[text()='Sign Out'] <--- was found
10:20:37.172  INFO  tests.TestBase - Start test --->loginModelDataProviderCSV
10:20:37.173  INFO  manager.MyListener - 'Start find' element ---> By.xpath: //button[text()='Sign Out']
10:20:37.188  INFO  manager.MyListener - The element with locator ---> By.xpath: //button[text()='Sign Out'] <--- was found
10:20:37.188  INFO  manager.MyListener - 'Start find' element ---> By.xpath: //button[text()='Sign Out']
10:20:37.204  INFO  manager.MyListener - The element with locator ---> By.xpath: //button[text()='Sign Out'] <--- was found
10:20:37.267  INFO  manager.MyListener - 'Start find' element ---> By.cssSelector: [href='/login']
10:20:37.291  INFO  manager.MyListener - The element with locator ---> By.cssSelector: [href='/login'] <--- was found
10:20:37.352  INFO  manager.MyListener - 'Start find' element ---> By.xpath: //input[1]
10:20:37.371  INFO  manager.MyListener - The element with locator ---> By.xpath: //input[1] <--- was found
10:20:37.539  INFO  manager.MyListener - 'Start find' element ---> By.xpath: //input[2]
10:20:37.549  INFO  manager.MyListener - The element with locator ---> By.xpath: //input[2] <--- was found
10:20:37.691  INFO  manager.MyListener - 'Start find' element ---> By.xpath: //*[text()=' Login']
10:20:37.703  INFO  manager.MyListener - The element with locator ---> By.xpath: //*[text()=' Login'] <--- was found
10:20:37.749  INFO  manager.MyListener - 'Start find' element ---> By.xpath: //*[text()='Sign Out']
10:20:37.856  INFO  manager.MyListener - The element with locator ---> By.xpath: //*[text()='Sign Out'] <--- was found
10:20:37.858  INFO  tests.TestBase - Start test --->loginModelDataProviderCSV
10:20:37.859  INFO  manager.MyListener - 'Start find' element ---> By.xpath: //button[text()='Sign Out']
10:20:37.870  INFO  manager.MyListener - The element with locator ---> By.xpath: //button[text()='Sign Out'] <--- was found
10:20:37.871  INFO  manager.MyListener - 'Start find' element ---> By.xpath: //button[text()='Sign Out']
10:20:37.880  INFO  manager.MyListener - The element with locator ---> By.xpath: //button[text()='Sign Out'] <--- was found
10:20:37.944  INFO  manager.MyListener - 'Start find' element ---> By.cssSelector: [href='/login']
10:20:37.964  INFO  manager.MyListener - The element with locator ---> By.cssSelector: [href='/login'] <--- was found
10:20:38.011  INFO  manager.MyListener - 'Start find' element ---> By.xpath: //input[1]
10:20:38.026  INFO  manager.MyListener - The element with locator ---> By.xpath: //input[1] <--- was found
10:20:38.215  INFO  manager.MyListener - 'Start find' element ---> By.xpath: //input[2]
10:20:38.234  INFO  manager.MyListener - The element with locator ---> By.xpath: //input[2] <--- was found
10:20:38.354  INFO  manager.MyListener - 'Start find' element ---> By.xpath: //*[text()=' Login']
10:20:38.363  INFO  manager.MyListener - The element with locator ---> By.xpath: //*[text()=' Login'] <--- was found
10:20:38.425  INFO  manager.MyListener - 'Start find' element ---> By.xpath: //*[text()='Sign Out']
10:20:38.503  INFO  manager.MyListener - The element with locator ---> By.xpath: //*[text()='Sign Out'] <--- was found
10:20:38.505  INFO  tests.TestBase - Start test --->loginModelDataProviderCSV
10:20:38.506  INFO  manager.MyListener - 'Start find' element ---> By.xpath: //button[text()='Sign Out']
10:20:38.520  INFO  manager.MyListener - The element with locator ---> By.xpath: //button[text()='Sign Out'] <--- was found
10:20:38.521  INFO  manager.MyListener - 'Start find' element ---> By.xpath: //button[text()='Sign Out']
10:20:38.529  INFO  manager.MyListener - The element with locator ---> By.xpath: //button[text()='Sign Out'] <--- was found
10:20:38.587  INFO  manager.MyListener - 'Start find' element ---> By.cssSelector: [href='/login']
10:20:38.608  INFO  manager.MyListener - The element with locator ---> By.cssSelector: [href='/login'] <--- was found
10:20:38.654  INFO  manager.MyListener - 'Start find' element ---> By.xpath: //input[1]
10:20:38.667  INFO  manager.MyListener - The element with locator ---> By.xpath: //input[1] <--- was found
10:20:38.838  INFO  manager.MyListener - 'Start find' element ---> By.xpath: //input[2]
10:20:38.847  INFO  manager.MyListener - The element with locator ---> By.xpath: //input[2] <--- was found
10:20:38.985  INFO  manager.MyListener - 'Start find' element ---> By.xpath: //*[text()=' Login']
10:20:38.995  INFO  manager.MyListener - The element with locator ---> By.xpath: //*[text()=' Login'] <--- was found
10:20:39.077  INFO  manager.MyListener - 'Start find' element ---> By.xpath: //*[text()='Sign Out']
10:20:39.152  INFO  manager.MyListener - The element with locator ---> By.xpath: //*[text()='Sign Out'] <--- was found
10:20:39.155  INFO  tests.TestBase - Start test --->loginModelDataProviderCSV
10:20:39.159  INFO  manager.MyListener - 'Start find' element ---> By.xpath: //button[text()='Sign Out']
10:20:39.171  INFO  manager.MyListener - The element with locator ---> By.xpath: //button[text()='Sign Out'] <--- was found
10:20:39.171  INFO  manager.MyListener - 'Start find' element ---> By.xpath: //button[text()='Sign Out']
10:20:39.183  INFO  manager.MyListener - The element with locator ---> By.xpath: //button[text()='Sign Out'] <--- was found
10:20:39.248  INFO  manager.MyListener - 'Start find' element ---> By.cssSelector: [href='/login']
10:20:39.280  INFO  manager.MyListener - The element with locator ---> By.cssSelector: [href='/login'] <--- was found
10:20:39.328  INFO  manager.MyListener - 'Start find' element ---> By.xpath: //input[1]
10:20:39.344  INFO  manager.MyListener - The element with locator ---> By.xpath: //input[1] <--- was found
10:20:39.520  INFO  manager.MyListener - 'Start find' element ---> By.xpath: //input[2]
10:20:39.533  INFO  manager.MyListener - The element with locator ---> By.xpath: //input[2] <--- was found
10:20:39.648  INFO  manager.MyListener - 'Start find' element ---> By.xpath: //*[text()=' Login']
10:20:39.670  INFO  manager.MyListener - The element with locator ---> By.xpath: //*[text()=' Login'] <--- was found
10:20:39.746  INFO  manager.MyListener - 'Start find' element ---> By.xpath: //*[text()='Sign Out']
10:20:39.824  INFO  manager.MyListener - The element with locator ---> By.xpath: //*[text()='Sign Out'] <--- was found
10:20:39.827  INFO  tests.TestBase - Start test --->loginNegativeTestWrongPassword
10:20:39.827  INFO  manager.MyListener - 'Start find' element ---> By.xpath: //button[text()='Sign Out']
10:20:39.839  INFO  manager.MyListener - The element with locator ---> By.xpath: //button[text()='Sign Out'] <--- was found
10:20:39.839  INFO  manager.MyListener - 'Start find' element ---> By.xpath: //button[text()='Sign Out']
10:20:39.849  INFO  manager.MyListener - The element with locator ---> By.xpath: //button[text()='Sign Out'] <--- was found
10:20:39.922  INFO  manager.MyListener - 'Start find' element ---> By.cssSelector: [href='/login']
10:20:39.933  INFO  manager.MyListener - The element with locator ---> By.cssSelector: [href='/login'] <--- was found
10:20:39.979  INFO  manager.MyListener - 'Start find' element ---> By.xpath: //input[1]
10:20:39.991  INFO  manager.MyListener - The element with locator ---> By.xpath: //input[1] <--- was found
10:20:40.148  INFO  manager.MyListener - 'Start find' element ---> By.xpath: //input[2]
10:20:40.157  INFO  manager.MyListener - The element with locator ---> By.xpath: //input[2] <--- was found
10:20:40.287  INFO  manager.MyListener - 'Start find' element ---> By.xpath: //*[text()=' Login']
10:20:40.308  INFO  manager.MyListener - The element with locator ---> By.xpath: //*[text()=' Login'] <--- was found
10:20:40.344  INFO  manager.MyListener - 'Start find' element ---> By.xpath: //*[text()='Sign Out']
10:20:40.530  INFO  manager.MyListener - The element with locator ---> By.xpath: //*[text()='Sign Out'] <--- was found
10:20:40.702  INFO  tests.TestBase - Start test --->loginSuccess
10:20:40.703  INFO  manager.MyListener - 'Start find' element ---> By.xpath: //button[text()='Sign Out']
10:20:45.722  INFO  manager.MyListener - The element with locator ---> By.xpath: //button[text()='Sign Out'] <--- was found
10:20:45.724  INFO  tests.TestBase - Start test --->loginSuccessNew
10:20:45.725  INFO  manager.MyListener - 'Start find' element ---> By.xpath: //button[text()='Sign Out']
10:20:50.750  INFO  manager.MyListener - The element with locator ---> By.xpath: //button[text()='Sign Out'] <--- was found
10:20:50.751  INFO  tests.TestBase - Tests start with email : noa@gmail.comand password : Nnoa12345$
10:20:50.751  INFO  manager.MyListener - 'Start find' element ---> By.cssSelector: [href='/login']
10:20:50.762  INFO  manager.MyListener - The element with locator ---> By.cssSelector: [href='/login'] <--- was found
10:20:50.805  INFO  manager.MyListener - 'Start find' element ---> By.xpath: //input[1]
10:20:50.821  INFO  manager.MyListener - The element with locator ---> By.xpath: //input[1] <--- was found
10:20:51.148  INFO  manager.MyListener - 'Start find' element ---> By.xpath: //input[2]
10:20:51.157  INFO  manager.MyListener - The element with locator ---> By.xpath: //input[2] <--- was found
10:20:51.440  INFO  manager.MyListener - 'Start find' element ---> By.xpath: //*[text()=' Login']
10:20:51.451  INFO  manager.MyListener - The element with locator ---> By.xpath: //*[text()=' Login'] <--- was found
10:20:51.553  INFO  manager.MyListener - 'Start find' element ---> By.xpath: //*[text()='Sign Out']
10:20:51.625  INFO  manager.MyListener - The element with locator ---> By.xpath: //*[text()='Sign Out'] <--- was found
10:20:51.626  INFO  tests.TestBase - test passed
10:20:51.627  INFO  tests.TestBase - Start test --->loginSuccessNew
10:20:51.628  INFO  manager.MyListener - 'Start find' element ---> By.xpath: //button[text()='Sign Out']
10:20:51.642  INFO  manager.MyListener - The element with locator ---> By.xpath: //button[text()='Sign Out'] <--- was found
10:20:51.643  INFO  manager.MyListener - 'Start find' element ---> By.xpath: //button[text()='Sign Out']
10:20:51.656  INFO  manager.MyListener - The element with locator ---> By.xpath: //button[text()='Sign Out'] <--- was found
10:20:51.745  INFO  tests.TestBase - Tests start with email : mona@gmail.comand password : Mm12345$
10:20:51.745  INFO  manager.MyListener - 'Start find' element ---> By.cssSelector: [href='/login']
10:20:51.770  INFO  manager.MyListener - The element with locator ---> By.cssSelector: [href='/login'] <--- was found
10:20:51.837  INFO  manager.MyListener - 'Start find' element ---> By.xpath: //input[1]
10:20:51.847  INFO  manager.MyListener - The element with locator ---> By.xpath: //input[1] <--- was found
10:20:52.068  INFO  manager.MyListener - 'Start find' element ---> By.xpath: //input[2]
10:20:52.084  INFO  manager.MyListener - The element with locator ---> By.xpath: //input[2] <--- was found
10:20:52.272  INFO  manager.MyListener - 'Start find' element ---> By.xpath: //*[text()=' Login']
10:20:52.288  INFO  manager.MyListener - The element with locator ---> By.xpath: //*[text()=' Login'] <--- was found
10:20:52.354  INFO  manager.MyListener - 'Start find' element ---> By.xpath: //*[text()='Sign Out']
10:20:52.432  INFO  manager.MyListener - The element with locator ---> By.xpath: //*[text()='Sign Out'] <--- was found
10:20:52.433  INFO  tests.TestBase - test passed
10:20:52.438  INFO  tests.TestBase - Start test --->loginSuccessNew
10:20:52.440  INFO  manager.MyListener - 'Start find' element ---> By.xpath: //button[text()='Sign Out']
10:20:52.451  INFO  manager.MyListener - The element with locator ---> By.xpath: //button[text()='Sign Out'] <--- was found
10:20:52.452  INFO  manager.MyListener - 'Start find' element ---> By.xpath: //button[text()='Sign Out']
10:20:52.464  INFO  manager.MyListener - The element with locator ---> By.xpath: //button[text()='Sign Out'] <--- was found
10:20:52.538  INFO  tests.TestBase - Tests start with email : zoa@gmail.comand password : Zoa12345$
10:20:52.539  INFO  manager.MyListener - 'Start find' element ---> By.cssSelector: [href='/login']
10:20:52.552  INFO  manager.MyListener - The element with locator ---> By.cssSelector: [href='/login'] <--- was found
10:20:52.621  INFO  manager.MyListener - 'Start find' element ---> By.xpath: //input[1]
10:20:52.641  INFO  manager.MyListener - The element with locator ---> By.xpath: //input[1] <--- was found
10:20:52.854  INFO  manager.MyListener - 'Start find' element ---> By.xpath: //input[2]
10:20:52.870  INFO  manager.MyListener - The element with locator ---> By.xpath: //input[2] <--- was found
10:20:53.024  INFO  manager.MyListener - 'Start find' element ---> By.xpath: //*[text()=' Login']
10:20:53.036  INFO  manager.MyListener - The element with locator ---> By.xpath: //*[text()=' Login'] <--- was found
10:20:53.115  INFO  manager.MyListener - 'Start find' element ---> By.xpath: //*[text()='Sign Out']
10:20:53.192  INFO  manager.MyListener - The element with locator ---> By.xpath: //*[text()='Sign Out'] <--- was found
10:20:53.192  INFO  tests.TestBase - test passed
10:20:53.194  INFO  tests.TestBase - Start test --->loginSuccessNew
10:20:53.200  INFO  manager.MyListener - 'Start find' element ---> By.xpath: //button[text()='Sign Out']
10:20:53.212  INFO  manager.MyListener - The element with locator ---> By.xpath: //button[text()='Sign Out'] <--- was found
10:20:53.212  INFO  manager.MyListener - 'Start find' element ---> By.xpath: //button[text()='Sign Out']
10:20:53.237  INFO  manager.MyListener - The element with locator ---> By.xpath: //button[text()='Sign Out'] <--- was found
10:20:53.303  INFO  tests.TestBase - Tests start with email : wick416@gmail.comand password : Ww12345$
10:20:53.304  INFO  manager.MyListener - 'Start find' element ---> By.cssSelector: [href='/login']
10:20:53.317  INFO  manager.MyListener - The element with locator ---> By.cssSelector: [href='/login'] <--- was found
10:20:53.361  INFO  manager.MyListener - 'Start find' element ---> By.xpath: //input[1]
10:20:53.370  INFO  manager.MyListener - The element with locator ---> By.xpath: //input[1] <--- was found
10:20:53.606  INFO  manager.MyListener - 'Start find' element ---> By.xpath: //input[2]
10:20:53.622  INFO  manager.MyListener - The element with locator ---> By.xpath: //input[2] <--- was found
10:20:53.763  INFO  manager.MyListener - 'Start find' element ---> By.xpath: //*[text()=' Login']
10:20:53.774  INFO  manager.MyListener - The element with locator ---> By.xpath: //*[text()=' Login'] <--- was found
10:20:53.846  INFO  manager.MyListener - 'Start find' element ---> By.xpath: //*[text()='Sign Out']
10:20:53.921  INFO  manager.MyListener - The element with locator ---> By.xpath: //*[text()='Sign Out'] <--- was found
10:20:53.922  INFO  tests.TestBase - test passed
10:20:53.927  INFO  tests.TestBase - Start test --->addNewContactSuccess
10:20:53.928  INFO  manager.MyListener - 'Start find' element ---> By.xpath: //button[text()='Sign Out']
10:20:53.944  INFO  manager.MyListener - The element with locator ---> By.xpath: //button[text()='Sign Out'] <--- was found
10:20:53.946  INFO  manager.MyListener - 'Start find' element ---> By.cssSelector: [href='/add']
10:20:53.961  INFO  manager.MyListener - The element with locator ---> By.cssSelector: [href='/add'] <--- was found
10:20:54.081  INFO  manager.MyListener - 'Start find' element ---> By.cssSelector: [placeholder='Name']
10:20:54.109  INFO  manager.MyListener - The element with locator ---> By.cssSelector: [placeholder='Name'] <--- was found
10:20:54.343  INFO  manager.MyListener - 'Start find' element ---> By.cssSelector: [placeholder='Last Name']
10:20:54.358  INFO  manager.MyListener - The element with locator ---> By.cssSelector: [placeholder='Last Name'] <--- was found
10:20:54.492  INFO  manager.MyListener - 'Start find' element ---> By.cssSelector: [placeholder='Phone']
10:20:54.511  INFO  manager.MyListener - The element with locator ---> By.cssSelector: [placeholder='Phone'] <--- was found
10:20:54.653  INFO  manager.MyListener - 'Start find' element ---> By.cssSelector: [placeholder='email']
10:20:54.669  INFO  manager.MyListener - The element with locator ---> By.cssSelector: [placeholder='email'] <--- was found
10:20:54.829  INFO  manager.MyListener - 'Start find' element ---> By.cssSelector: [placeholder='Address']
10:20:54.845  INFO  manager.MyListener - The element with locator ---> By.cssSelector: [placeholder='Address'] <--- was found
10:20:54.994  INFO  manager.MyListener - 'Start find' element ---> By.cssSelector: [placeholder='description']
10:20:55.011  INFO  manager.MyListener - The element with locator ---> By.cssSelector: [placeholder='description'] <--- was found
10:20:55.213  INFO  manager.MyListener - 'Start find' element ---> By.cssSelector: b
10:20:55.235  INFO  manager.MyListener - The element with locator ---> By.cssSelector: b <--- was found
10:20:55.272  INFO  manager.MyListener - 'Start find' element ---> By.cssSelector: h2
10:20:55.603  INFO  manager.MyListener - The element with locator ---> By.cssSelector: h2 <--- was found
10:20:55.692  INFO  manager.MyListener - 'Start find' element ---> By.cssSelector: h3
10:20:55.709  INFO  manager.MyListener - The element with locator ---> By.cssSelector: h3 <--- was found
10:20:55.801  INFO  tests.TestBase - Start test --->addNewContactSuccessDataProviderCSV
10:20:55.802  INFO  manager.MyListener - 'Start find' element ---> By.xpath: //button[text()='Sign Out']
10:20:55.810  INFO  manager.MyListener - The element with locator ---> By.xpath: //button[text()='Sign Out'] <--- was found
10:20:55.811  INFO  tests.TestBase - Test start with contactContact(name=Mona, lastName=Dow, phone=null, email=null, address=Haifa, description=friend)
10:20:55.811  INFO  manager.MyListener - 'Start find' element ---> By.cssSelector: [href='/add']
10:20:55.819  INFO  manager.MyListener - The element with locator ---> By.cssSelector: [href='/add'] <--- was found
10:20:55.872  INFO  manager.MyListener - 'Start find' element ---> By.cssSelector: [placeholder='Name']
10:20:55.896  INFO  manager.MyListener - The element with locator ---> By.cssSelector: [placeholder='Name'] <--- was found
10:20:56.088  INFO  manager.MyListener - 'Start find' element ---> By.cssSelector: [placeholder='Last Name']
10:20:56.103  INFO  manager.MyListener - The element with locator ---> By.cssSelector: [placeholder='Last Name'] <--- was found
10:20:56.248  INFO  manager.MyListener - 'Start find' element ---> By.cssSelector: [placeholder='Phone']
10:20:56.262  INFO  manager.MyListener - The element with locator ---> By.cssSelector: [placeholder='Phone'] <--- was found
10:20:56.426  INFO  manager.MyListener - 'Start find' element ---> By.cssSelector: [placeholder='email']
10:20:56.436  INFO  manager.MyListener - The element with locator ---> By.cssSelector: [placeholder='email'] <--- was found
10:20:56.575  INFO  manager.MyListener - 'Start find' element ---> By.cssSelector: [placeholder='Address']
10:20:56.587  INFO  manager.MyListener - The element with locator ---> By.cssSelector: [placeholder='Address'] <--- was found
10:20:56.693  INFO  manager.MyListener - 'Start find' element ---> By.cssSelector: [placeholder='description']
10:20:56.705  INFO  manager.MyListener - The element with locator ---> By.cssSelector: [placeholder='description'] <--- was found
10:20:56.825  INFO  manager.MyListener - 'Start find' element ---> By.cssSelector: b
10:20:56.835  INFO  manager.MyListener - The element with locator ---> By.cssSelector: b <--- was found
10:20:56.871  INFO  manager.MyListener - 'Start find' element ---> By.cssSelector: h2
10:20:57.192  INFO  manager.MyListener - The element with locator ---> By.cssSelector: h2 <--- was found
10:20:57.226  INFO  manager.MyListener - 'Start find' element ---> By.cssSelector: h3
10:20:57.239  INFO  manager.MyListener - The element with locator ---> By.cssSelector: h3 <--- was found
10:20:57.345  INFO  tests.TestBase - Start test --->addNewContactSuccessDataProviderCSV
10:20:57.346  INFO  manager.MyListener - 'Start find' element ---> By.xpath: //button[text()='Sign Out']
10:20:57.353  INFO  manager.MyListener - The element with locator ---> By.xpath: //button[text()='Sign Out'] <--- was found
10:20:57.353  INFO  tests.TestBase - Test start with contactContact(name=John, lastName=Wick, phone=null, email=null, address=Rehovot,Israel, description=friend)
10:20:57.354  INFO  manager.MyListener - 'Start find' element ---> By.cssSelector: [href='/add']
10:20:57.363  INFO  manager.MyListener - The element with locator ---> By.cssSelector: [href='/add'] <--- was found
10:20:57.433  INFO  manager.MyListener - 'Start find' element ---> By.cssSelector: [placeholder='Name']
10:20:57.446  INFO  manager.MyListener - The element with locator ---> By.cssSelector: [placeholder='Name'] <--- was found
10:20:57.594  INFO  manager.MyListener - 'Start find' element ---> By.cssSelector: [placeholder='Last Name']
10:20:57.625  INFO  manager.MyListener - The element with locator ---> By.cssSelector: [placeholder='Last Name'] <--- was found
10:20:57.767  INFO  manager.MyListener - 'Start find' element ---> By.cssSelector: [placeholder='Phone']
10:20:57.782  INFO  manager.MyListener - The element with locator ---> By.cssSelector: [placeholder='Phone'] <--- was found
10:20:57.942  INFO  manager.MyListener - 'Start find' element ---> By.cssSelector: [placeholder='email']
10:20:57.955  INFO  manager.MyListener - The element with locator ---> By.cssSelector: [placeholder='email'] <--- was found
10:20:58.106  INFO  manager.MyListener - 'Start find' element ---> By.cssSelector: [placeholder='Address']
10:20:58.115  INFO  manager.MyListener - The element with locator ---> By.cssSelector: [placeholder='Address'] <--- was found
10:20:58.290  INFO  manager.MyListener - 'Start find' element ---> By.cssSelector: [placeholder='description']
10:20:58.302  INFO  manager.MyListener - The element with locator ---> By.cssSelector: [placeholder='description'] <--- was found
10:20:58.416  INFO  manager.MyListener - 'Start find' element ---> By.cssSelector: b
10:20:58.425  INFO  manager.MyListener - The element with locator ---> By.cssSelector: b <--- was found
10:20:58.491  INFO  manager.MyListener - 'Start find' element ---> By.cssSelector: h2
10:20:58.726  INFO  manager.MyListener - The element with locator ---> By.cssSelector: h2 <--- was found
10:20:58.775  INFO  manager.MyListener - 'Start find' element ---> By.cssSelector: h3
10:20:58.790  INFO  manager.MyListener - The element with locator ---> By.cssSelector: h3 <--- was found
10:20:58.894  INFO  tests.TestBase - Start test --->addNewContactSuccessDataProviderCSV
10:20:58.895  INFO  manager.MyListener - 'Start find' element ---> By.xpath: //button[text()='Sign Out']
10:20:58.904  INFO  manager.MyListener - The element with locator ---> By.xpath: //button[text()='Sign Out'] <--- was found
10:20:58.905  INFO  tests.TestBase - Test start with contactContact(name=Mona, lastName=Dow, phone=null, email=null, address=Haifa, description=friend)
10:20:58.905  INFO  manager.MyListener - 'Start find' element ---> By.cssSelector: [href='/add']
10:20:58.914  INFO  manager.MyListener - The element with locator ---> By.cssSelector: [href='/add'] <--- was found
10:20:58.955  INFO  manager.MyListener - 'Start find' element ---> By.cssSelector: [placeholder='Name']
10:20:58.967  INFO  manager.MyListener - The element with locator ---> By.cssSelector: [placeholder='Name'] <--- was found
10:20:59.161  INFO  manager.MyListener - 'Start find' element ---> By.cssSelector: [placeholder='Last Name']
10:20:59.174  INFO  manager.MyListener - The element with locator ---> By.cssSelector: [placeholder='Last Name'] <--- was found
10:20:59.321  INFO  manager.MyListener - 'Start find' element ---> By.cssSelector: [placeholder='Phone']
10:20:59.329  INFO  manager.MyListener - The element with locator ---> By.cssSelector: [placeholder='Phone'] <--- was found
10:20:59.467  INFO  manager.MyListener - 'Start find' element ---> By.cssSelector: [placeholder='email']
10:20:59.476  INFO  manager.MyListener - The element with locator ---> By.cssSelector: [placeholder='email'] <--- was found
10:20:59.635  INFO  manager.MyListener - 'Start find' element ---> By.cssSelector: [placeholder='Address']
10:20:59.651  INFO  manager.MyListener - The element with locator ---> By.cssSelector: [placeholder='Address'] <--- was found
10:20:59.776  INFO  manager.MyListener - 'Start find' element ---> By.cssSelector: [placeholder='description']
10:20:59.792  INFO  manager.MyListener - The element with locator ---> By.cssSelector: [placeholder='description'] <--- was found
10:20:59.945  INFO  manager.MyListener - 'Start find' element ---> By.cssSelector: b
10:20:59.955  INFO  manager.MyListener - The element with locator ---> By.cssSelector: b <--- was found
10:21:00.039  INFO  manager.MyListener - 'Start find' element ---> By.cssSelector: h2
10:21:00.227  INFO  manager.MyListener - The element with locator ---> By.cssSelector: h2 <--- was found
10:21:00.271  INFO  manager.MyListener - 'Start find' element ---> By.cssSelector: h3
10:21:00.282  INFO  manager.MyListener - The element with locator ---> By.cssSelector: h3 <--- was found
10:21:00.402  INFO  tests.TestBase - Start test --->addNewContactSuccessDataProviderCSV
10:21:00.403  INFO  manager.MyListener - 'Start find' element ---> By.xpath: //button[text()='Sign Out']
10:21:00.411  INFO  manager.MyListener - The element with locator ---> By.xpath: //button[text()='Sign Out'] <--- was found
10:21:00.411  INFO  tests.TestBase - Test start with contactContact(name=John, lastName=Wick, phone=null, email=null, address=Rehovot,Israel, description=friend)
10:21:00.411  INFO  manager.MyListener - 'Start find' element ---> By.cssSelector: [href='/add']
10:21:00.422  INFO  manager.MyListener - The element with locator ---> By.cssSelector: [href='/add'] <--- was found
10:21:00.461  INFO  manager.MyListener - 'Start find' element ---> By.cssSelector: [placeholder='Name']
10:21:00.475  INFO  manager.MyListener - The element with locator ---> By.cssSelector: [placeholder='Name'] <--- was found
10:21:00.661  INFO  manager.MyListener - 'Start find' element ---> By.cssSelector: [placeholder='Last Name']
10:21:00.673  INFO  manager.MyListener - The element with locator ---> By.cssSelector: [placeholder='Last Name'] <--- was found
10:21:00.805  INFO  manager.MyListener - 'Start find' element ---> By.cssSelector: [placeholder='Phone']
10:21:00.816  INFO  manager.MyListener - The element with locator ---> By.cssSelector: [placeholder='Phone'] <--- was found
10:21:00.951  INFO  manager.MyListener - 'Start find' element ---> By.cssSelector: [placeholder='email']
10:21:00.960  INFO  manager.MyListener - The element with locator ---> By.cssSelector: [placeholder='email'] <--- was found
10:21:01.125  INFO  manager.MyListener - 'Start find' element ---> By.cssSelector: [placeholder='Address']
10:21:01.135  INFO  manager.MyListener - The element with locator ---> By.cssSelector: [placeholder='Address'] <--- was found
10:21:01.307  INFO  manager.MyListener - 'Start find' element ---> By.cssSelector: [placeholder='description']
10:21:01.321  INFO  manager.MyListener - The element with locator ---> By.cssSelector: [placeholder='description'] <--- was found
10:21:01.431  INFO  manager.MyListener - 'Start find' element ---> By.cssSelector: b
10:21:01.444  INFO  manager.MyListener - The element with locator ---> By.cssSelector: b <--- was found
10:21:01.482  INFO  manager.MyListener - 'Start find' element ---> By.cssSelector: h2
10:21:01.720  INFO  manager.MyListener - The element with locator ---> By.cssSelector: h2 <--- was found
10:21:01.774  INFO  manager.MyListener - 'Start find' element ---> By.cssSelector: h3
10:21:01.784  INFO  manager.MyListener - The element with locator ---> By.cssSelector: h3 <--- was found
