18:05:22.107  INFO  manager.ApplicationManager - Tests start in ChromeDriver
18:05:23.166  INFO  manager.ApplicationManager - The lint is --> https://contacts-app.tobbymarshall815.vercel.app/home
18:05:23.241  INFO  tests.TestBase - Start test --->loginSuccessNew
18:05:23.243  INFO  manager.MyListener - 'Start find' element ---> By.xpath: //button[text()='Sign Out']
18:05:28.331  INFO  manager.MyListener - The element with locator ---> By.xpath: //button[text()='Sign Out'] <--- was found
18:05:28.332  INFO  tests.TestBase - Tests start with email : noa@gmail.comand password : Nnoa12345$
18:05:28.333  INFO  manager.MyListener - 'Start find' element ---> By.cssSelector: [href='/login']
18:05:28.354  INFO  manager.MyListener - The element with locator ---> By.cssSelector: [href='/login'] <--- was found
18:05:28.483  INFO  manager.MyListener - 'Start find' element ---> By.xpath: //input[1]
18:05:28.532  INFO  manager.MyListener - The element with locator ---> By.xpath: //input[1] <--- was found
18:05:28.851  INFO  manager.MyListener - 'Start find' element ---> By.xpath: //input[2]
18:05:28.869  INFO  manager.MyListener - The element with locator ---> By.xpath: //input[2] <--- was found
18:05:28.986  INFO  manager.MyListener - 'Start find' element ---> By.xpath: //*[text()=' Login']
18:05:29.002  INFO  manager.MyListener - The element with locator ---> By.xpath: //*[text()=' Login'] <--- was found
18:05:29.098  INFO  manager.MyListener - 'Start find' element ---> By.xpath: //*[text()='Sign Out']
18:05:29.876  INFO  manager.MyListener - The element with locator ---> By.xpath: //*[text()='Sign Out'] <--- was found
18:05:29.888  INFO  tests.TestBase - test passed
18:05:29.894  INFO  tests.TestBase - Start test --->loginSuccessNew
18:05:29.895  INFO  manager.MyListener - 'Start find' element ---> By.xpath: //button[text()='Sign Out']
18:05:29.926  INFO  manager.MyListener - The element with locator ---> By.xpath: //button[text()='Sign Out'] <--- was found
18:05:29.926  INFO  manager.MyListener - 'Start find' element ---> By.xpath: //button[text()='Sign Out']
18:05:29.942  INFO  manager.MyListener - The element with locator ---> By.xpath: //button[text()='Sign Out'] <--- was found
18:05:30.015  INFO  tests.TestBase - Tests start with email : mona@gmail.comand password : Mm12345$
18:05:30.016  INFO  manager.MyListener - 'Start find' element ---> By.cssSelector: [href='/login']
18:05:30.042  INFO  manager.MyListener - The element with locator ---> By.cssSelector: [href='/login'] <--- was found
18:05:30.141  INFO  manager.MyListener - 'Start find' element ---> By.xpath: //input[1]
18:05:30.154  INFO  manager.MyListener - The element with locator ---> By.xpath: //input[1] <--- was found
18:05:30.369  INFO  manager.MyListener - 'Start find' element ---> By.xpath: //input[2]
18:05:30.389  INFO  manager.MyListener - The element with locator ---> By.xpath: //input[2] <--- was found
18:05:30.575  INFO  manager.MyListener - 'Start find' element ---> By.xpath: //*[text()=' Login']
18:05:30.590  INFO  manager.MyListener - The element with locator ---> By.xpath: //*[text()=' Login'] <--- was found
18:05:30.690  INFO  manager.MyListener - 'Start find' element ---> By.xpath: //*[text()='Sign Out']
18:05:30.770  INFO  manager.MyListener - The element with locator ---> By.xpath: //*[text()='Sign Out'] <--- was found
18:05:30.773  INFO  tests.TestBase - test passed
18:05:30.775  INFO  tests.TestBase - Start test --->loginSuccessNew
18:05:30.776  INFO  manager.MyListener - 'Start find' element ---> By.xpath: //button[text()='Sign Out']
18:05:30.810  INFO  manager.MyListener - The element with locator ---> By.xpath: //button[text()='Sign Out'] <--- was found
18:05:30.810  INFO  manager.MyListener - 'Start find' element ---> By.xpath: //button[text()='Sign Out']
18:05:30.823  INFO  manager.MyListener - The element with locator ---> By.xpath: //button[text()='Sign Out'] <--- was found
18:05:30.908  INFO  tests.TestBase - Tests start with email : zoa@gmail.comand password : Zoa12345$
18:05:30.911  INFO  manager.MyListener - 'Start find' element ---> By.cssSelector: [href='/login']
18:05:30.967  INFO  manager.MyListener - The element with locator ---> By.cssSelector: [href='/login'] <--- was found
18:05:31.029  INFO  manager.MyListener - 'Start find' element ---> By.xpath: //input[1]
18:05:31.047  INFO  manager.MyListener - The element with locator ---> By.xpath: //input[1] <--- was found
18:05:31.286  INFO  manager.MyListener - 'Start find' element ---> By.xpath: //input[2]
18:05:31.300  INFO  manager.MyListener - The element with locator ---> By.xpath: //input[2] <--- was found
18:05:31.425  INFO  manager.MyListener - 'Start find' element ---> By.xpath: //*[text()=' Login']
18:05:31.448  INFO  manager.MyListener - The element with locator ---> By.xpath: //*[text()=' Login'] <--- was found
18:05:31.533  INFO  manager.MyListener - 'Start find' element ---> By.xpath: //*[text()='Sign Out']
18:05:31.623  INFO  manager.MyListener - The element with locator ---> By.xpath: //*[text()='Sign Out'] <--- was found
18:05:31.624  INFO  tests.TestBase - test passed
18:05:31.632  INFO  tests.TestBase - Start test --->loginSuccessNew
18:05:31.633  INFO  manager.MyListener - 'Start find' element ---> By.xpath: //button[text()='Sign Out']
18:05:31.654  INFO  manager.MyListener - The element with locator ---> By.xpath: //button[text()='Sign Out'] <--- was found
18:05:31.655  INFO  manager.MyListener - 'Start find' element ---> By.xpath: //button[text()='Sign Out']
18:05:31.670  INFO  manager.MyListener - The element with locator ---> By.xpath: //button[text()='Sign Out'] <--- was found
18:05:31.726  INFO  tests.TestBase - Tests start with email : wick416@gmail.comand password : Ww12345$
18:05:31.727  INFO  manager.MyListener - 'Start find' element ---> By.cssSelector: [href='/login']
18:05:31.765  INFO  manager.MyListener - The element with locator ---> By.cssSelector: [href='/login'] <--- was found
18:05:31.809  INFO  manager.MyListener - 'Start find' element ---> By.xpath: //input[1]
18:05:31.833  INFO  manager.MyListener - The element with locator ---> By.xpath: //input[1] <--- was found
18:05:32.126  INFO  manager.MyListener - 'Start find' element ---> By.xpath: //input[2]
18:05:32.144  INFO  manager.MyListener - The element with locator ---> By.xpath: //input[2] <--- was found
18:05:32.284  INFO  manager.MyListener - 'Start find' element ---> By.xpath: //*[text()=' Login']
18:05:32.294  INFO  manager.MyListener - The element with locator ---> By.xpath: //*[text()=' Login'] <--- was found
18:05:32.368  INFO  manager.MyListener - 'Start find' element ---> By.xpath: //*[text()='Sign Out']
18:05:32.498  INFO  manager.MyListener - The element with locator ---> By.xpath: //*[text()='Sign Out'] <--- was found
18:05:32.499  INFO  tests.TestBase - test passed
