20:29:46.494  INFO  manager.ApplicationManager - Tests start in ChromeDriver
20:29:47.414  INFO  manager.ApplicationManager - The lint is --> https://contacts-app.tobbymarshall815.vercel.app/home
20:29:47.487  INFO  tests.TestBase - Start test --->addNewContactSuccessDataProviderCSV
20:29:47.489  INFO  manager.MyListener - 'Start find' element ---> By.xpath: //button[text()='Sign Out']
20:29:52.523  INFO  manager.MyListener - The element with locator ---> By.xpath: //button[text()='Sign Out'] <--- was found
20:29:52.526  INFO  manager.MyListener - 'Start find' element ---> By.cssSelector: [href='/login']
20:29:52.550  INFO  manager.MyListener - The element with locator ---> By.cssSelector: [href='/login'] <--- was found
20:29:52.666  INFO  manager.MyListener - 'Start find' element ---> By.xpath: //input[1]
20:29:52.712  INFO  manager.MyListener - The element with locator ---> By.xpath: //input[1] <--- was found
20:29:53.064  INFO  manager.MyListener - 'Start find' element ---> By.xpath: //input[2]
20:29:53.105  INFO  manager.MyListener - The element with locator ---> By.xpath: //input[2] <--- was found
20:29:53.234  INFO  manager.MyListener - 'Start find' element ---> By.xpath: //*[text()=' Login']
20:29:53.253  INFO  manager.MyListener - The element with locator ---> By.xpath: //*[text()=' Login'] <--- was found
20:29:53.355  INFO  manager.MyListener - 'Start find' element ---> By.cssSelector: [href='/add']
20:29:53.990  INFO  manager.MyListener - The element with locator ---> By.cssSelector: [href='/add'] <--- was found
20:29:54.125  INFO  manager.MyListener - 'Start find' element ---> By.cssSelector: [placeholder='Name']
20:29:54.153  INFO  manager.MyListener - The element with locator ---> By.cssSelector: [placeholder='Name'] <--- was found
20:29:54.374  INFO  manager.MyListener - 'Start find' element ---> By.cssSelector: [placeholder='Last Name']
20:29:54.393  INFO  manager.MyListener - The element with locator ---> By.cssSelector: [placeholder='Last Name'] <--- was found
20:29:54.558  INFO  manager.MyListener - 'Start find' element ---> By.cssSelector: [placeholder='Phone']
20:29:54.595  INFO  manager.MyListener - The element with locator ---> By.cssSelector: [placeholder='Phone'] <--- was found
20:29:54.825  INFO  manager.MyListener - 'Start find' element ---> By.cssSelector: [placeholder='email']
20:29:54.847  INFO  manager.MyListener - The element with locator ---> By.cssSelector: [placeholder='email'] <--- was found
20:29:55.325  INFO  manager.MyListener - 'Start find' element ---> By.cssSelector: [placeholder='Address']
20:29:55.348  INFO  manager.MyListener - The element with locator ---> By.cssSelector: [placeholder='Address'] <--- was found
20:29:55.634  INFO  manager.MyListener - 'Start find' element ---> By.cssSelector: [placeholder='description']
20:29:55.685  INFO  manager.MyListener - The element with locator ---> By.cssSelector: [placeholder='description'] <--- was found
20:29:55.927  INFO  manager.MyListener - 'Start find' element ---> By.cssSelector: b
20:29:55.953  INFO  manager.MyListener - The element with locator ---> By.cssSelector: b <--- was found
20:29:56.057  INFO  manager.MyListener - 'Start find' element ---> By.cssSelector: h2
20:29:56.327  INFO  manager.MyListener - The element with locator ---> By.cssSelector: h2 <--- was found
20:29:56.358  INFO  manager.MyListener - 'Start find' element ---> By.cssSelector: h3
20:29:56.379  INFO  manager.MyListener - The element with locator ---> By.cssSelector: h3 <--- was found
20:29:56.423  INFO  tests.TestBase - Start test --->addNewContactSuccessDataProviderCSV
20:29:56.425  INFO  manager.MyListener - 'Start find' element ---> By.xpath: //button[text()='Sign Out']
20:29:56.481  INFO  manager.MyListener - The element with locator ---> By.xpath: //button[text()='Sign Out'] <--- was found
20:29:56.482  INFO  manager.MyListener - 'Start find' element ---> By.cssSelector: [href='/add']
20:29:56.506  INFO  manager.MyListener - The element with locator ---> By.cssSelector: [href='/add'] <--- was found
20:29:56.591  INFO  manager.MyListener - 'Start find' element ---> By.cssSelector: [placeholder='Name']
20:29:56.604  INFO  manager.MyListener - The element with locator ---> By.cssSelector: [placeholder='Name'] <--- was found
20:29:56.866  INFO  manager.MyListener - 'Start find' element ---> By.cssSelector: [placeholder='Last Name']
20:29:56.887  INFO  manager.MyListener - The element with locator ---> By.cssSelector: [placeholder='Last Name'] <--- was found
20:29:57.056  INFO  manager.MyListener - 'Start find' element ---> By.cssSelector: [placeholder='Phone']
20:29:57.074  INFO  manager.MyListener - The element with locator ---> By.cssSelector: [placeholder='Phone'] <--- was found
20:29:57.243  INFO  manager.MyListener - 'Start find' element ---> By.cssSelector: [placeholder='email']
20:29:57.258  INFO  manager.MyListener - The element with locator ---> By.cssSelector: [placeholder='email'] <--- was found
20:29:57.408  INFO  manager.MyListener - 'Start find' element ---> By.cssSelector: [placeholder='Address']
20:29:57.430  INFO  manager.MyListener - The element with locator ---> By.cssSelector: [placeholder='Address'] <--- was found
20:29:57.672  INFO  manager.MyListener - 'Start find' element ---> By.cssSelector: [placeholder='description']
20:29:57.693  INFO  manager.MyListener - The element with locator ---> By.cssSelector: [placeholder='description'] <--- was found
20:29:57.849  INFO  manager.MyListener - 'Start find' element ---> By.cssSelector: b
20:29:57.858  INFO  manager.MyListener - The element with locator ---> By.cssSelector: b <--- was found
20:29:57.965  INFO  manager.MyListener - 'Start find' element ---> By.cssSelector: h2
20:29:58.151  INFO  manager.MyListener - The element with locator ---> By.cssSelector: h2 <--- was found
20:29:58.190  INFO  manager.MyListener - 'Start find' element ---> By.cssSelector: h3
20:29:58.198  INFO  manager.MyListener - The element with locator ---> By.cssSelector: h3 <--- was found
20:29:58.228  INFO  tests.TestBase - Start test --->addNewContactSuccessDataProviderCSV
20:29:58.228  INFO  manager.MyListener - 'Start find' element ---> By.xpath: //button[text()='Sign Out']
20:29:58.239  INFO  manager.MyListener - The element with locator ---> By.xpath: //button[text()='Sign Out'] <--- was found
20:29:58.240  INFO  manager.MyListener - 'Start find' element ---> By.cssSelector: [href='/add']
20:29:58.250  INFO  manager.MyListener - The element with locator ---> By.cssSelector: [href='/add'] <--- was found
20:29:58.306  INFO  manager.MyListener - 'Start find' element ---> By.cssSelector: [placeholder='Name']
20:29:58.336  INFO  manager.MyListener - The element with locator ---> By.cssSelector: [placeholder='Name'] <--- was found
20:29:58.546  INFO  manager.MyListener - 'Start find' element ---> By.cssSelector: [placeholder='Last Name']
20:29:58.559  INFO  manager.MyListener - The element with locator ---> By.cssSelector: [placeholder='Last Name'] <--- was found
20:29:58.726  INFO  manager.MyListener - 'Start find' element ---> By.cssSelector: [placeholder='Phone']
20:29:58.739  INFO  manager.MyListener - The element with locator ---> By.cssSelector: [placeholder='Phone'] <--- was found
20:29:58.885  INFO  manager.MyListener - 'Start find' element ---> By.cssSelector: [placeholder='email']
20:29:58.893  INFO  manager.MyListener - The element with locator ---> By.cssSelector: [placeholder='email'] <--- was found
20:29:59.110  INFO  manager.MyListener - 'Start find' element ---> By.cssSelector: [placeholder='Address']
20:29:59.129  INFO  manager.MyListener - The element with locator ---> By.cssSelector: [placeholder='Address'] <--- was found
20:29:59.283  INFO  manager.MyListener - 'Start find' element ---> By.cssSelector: [placeholder='description']
20:29:59.293  INFO  manager.MyListener - The element with locator ---> By.cssSelector: [placeholder='description'] <--- was found
20:29:59.425  INFO  manager.MyListener - 'Start find' element ---> By.cssSelector: b
20:29:59.469  INFO  manager.MyListener - The element with locator ---> By.cssSelector: b <--- was found
20:29:59.598  INFO  manager.MyListener - 'Start find' element ---> By.cssSelector: h2
20:29:59.923  INFO  manager.MyListener - The element with locator ---> By.cssSelector: h2 <--- was found
20:29:59.941  INFO  manager.MyListener - 'Start find' element ---> By.cssSelector: h3
20:29:59.956  INFO  manager.MyListener - The element with locator ---> By.cssSelector: h3 <--- was found
20:30:00.010  INFO  tests.TestBase - Start test --->addNewContactSuccessDataProviderCSV
20:30:00.011  INFO  manager.MyListener - 'Start find' element ---> By.xpath: //button[text()='Sign Out']
20:30:00.025  INFO  manager.MyListener - The element with locator ---> By.xpath: //button[text()='Sign Out'] <--- was found
20:30:00.025  INFO  manager.MyListener - 'Start find' element ---> By.cssSelector: [href='/add']
20:30:00.038  INFO  manager.MyListener - The element with locator ---> By.cssSelector: [href='/add'] <--- was found
20:30:00.148  INFO  manager.MyListener - 'Start find' element ---> By.cssSelector: [placeholder='Name']
20:30:00.164  INFO  manager.MyListener - The element with locator ---> By.cssSelector: [placeholder='Name'] <--- was found
20:30:00.390  INFO  manager.MyListener - 'Start find' element ---> By.cssSelector: [placeholder='Last Name']
20:30:00.419  INFO  manager.MyListener - The element with locator ---> By.cssSelector: [placeholder='Last Name'] <--- was found
20:30:00.547  INFO  manager.MyListener - 'Start find' element ---> By.cssSelector: [placeholder='Phone']
20:30:00.557  INFO  manager.MyListener - The element with locator ---> By.cssSelector: [placeholder='Phone'] <--- was found
20:30:00.744  INFO  manager.MyListener - 'Start find' element ---> By.cssSelector: [placeholder='email']
20:30:00.755  INFO  manager.MyListener - The element with locator ---> By.cssSelector: [placeholder='email'] <--- was found
20:30:01.030  INFO  manager.MyListener - 'Start find' element ---> By.cssSelector: [placeholder='Address']
20:30:01.055  INFO  manager.MyListener - The element with locator ---> By.cssSelector: [placeholder='Address'] <--- was found
20:30:01.210  INFO  manager.MyListener - 'Start find' element ---> By.cssSelector: [placeholder='description']
20:30:01.223  INFO  manager.MyListener - The element with locator ---> By.cssSelector: [placeholder='description'] <--- was found
20:30:01.361  INFO  manager.MyListener - 'Start find' element ---> By.cssSelector: b
20:30:01.372  INFO  manager.MyListener - The element with locator ---> By.cssSelector: b <--- was found
20:30:01.476  INFO  manager.MyListener - 'Start find' element ---> By.cssSelector: h2
20:30:01.673  INFO  manager.MyListener - The element with locator ---> By.cssSelector: h2 <--- was found
20:30:01.724  INFO  manager.MyListener - 'Start find' element ---> By.cssSelector: h3
20:30:01.736  INFO  manager.MyListener - The element with locator ---> By.cssSelector: h3 <--- was found
