10:52:12.895  INFO  manager.ApplicationManager - Tests start in ChromeDriver
10:52:14.606  INFO  manager.ApplicationManager - The lint is --> https://contacts-app.tobbymarshall815.vercel.app/home
10:52:14.655  INFO  tests.TestBase - Start test --->loginNegativeTestWrongPassword
10:52:14.672  INFO  manager.MyListener - 'Start find' element ---> By.xpath: //button[text()='Sign Out']
10:52:19.716  INFO  manager.MyListener - The element with locator ---> By.xpath: //button[text()='Sign Out'] <--- was found
10:52:19.719  INFO  manager.MyListener - 'Start find' element ---> By.cssSelector: [href='/login']
10:52:19.738  INFO  manager.MyListener - The element with locator ---> By.cssSelector: [href='/login'] <--- was found
10:52:19.880  INFO  manager.MyListener - 'Start find' element ---> By.xpath: //input[1]
10:52:19.906  INFO  manager.MyListener - The element with locator ---> By.xpath: //input[1] <--- was found
10:52:20.201  INFO  manager.MyListener - 'Start find' element ---> By.xpath: //input[2]
10:52:20.217  INFO  manager.MyListener - The element with locator ---> By.xpath: //input[2] <--- was found
10:52:20.334  INFO  manager.MyListener - 'Start find' element ---> By.xpath: //*[text()=' Login']
10:52:20.351  INFO  manager.MyListener - The element with locator ---> By.xpath: //*[text()=' Login'] <--- was found
10:52:20.429  INFO  manager.MyListener - 'Start find' element ---> By.xpath: //*[text()='Sign Out']
10:52:21.098  INFO  manager.MyListener - The element with locator ---> By.xpath: //*[text()='Sign Out'] <--- was found
10:52:21.266  INFO  tests.TestBase - Start test --->addNewContactSuccess
10:52:21.274  INFO  manager.MyListener - 'Start find' element ---> By.xpath: //button[text()='Sign Out']
10:52:26.305  INFO  manager.MyListener - The element with locator ---> By.xpath: //button[text()='Sign Out'] <--- was found
10:52:26.308  INFO  manager.MyListener - 'Start find' element ---> By.cssSelector: [href='/login']
10:52:26.320  INFO  manager.MyListener - The element with locator ---> By.cssSelector: [href='/login'] <--- was found
10:52:26.365  INFO  manager.MyListener - 'Start find' element ---> By.xpath: //input[1]
10:52:26.401  INFO  manager.MyListener - The element with locator ---> By.xpath: //input[1] <--- was found
10:52:26.694  INFO  manager.MyListener - 'Start find' element ---> By.xpath: //input[2]
10:52:26.705  INFO  manager.MyListener - The element with locator ---> By.xpath: //input[2] <--- was found
10:52:26.947  INFO  manager.MyListener - 'Start find' element ---> By.xpath: //*[text()=' Login']
10:52:26.982  INFO  manager.MyListener - The element with locator ---> By.xpath: //*[text()=' Login'] <--- was found
10:52:27.082  INFO  manager.MyListener - 'Start find' element ---> By.cssSelector: [href='/add']
10:52:27.160  INFO  manager.MyListener - The element with locator ---> By.cssSelector: [href='/add'] <--- was found
10:52:27.267  INFO  manager.MyListener - 'Start find' element ---> By.cssSelector: [placeholder='Name']
10:52:27.296  INFO  manager.MyListener - The element with locator ---> By.cssSelector: [placeholder='Name'] <--- was found
10:52:27.496  INFO  manager.MyListener - 'Start find' element ---> By.cssSelector: [placeholder='Last Name']
10:52:27.514  INFO  manager.MyListener - The element with locator ---> By.cssSelector: [placeholder='Last Name'] <--- was found
10:52:27.634  INFO  manager.MyListener - 'Start find' element ---> By.cssSelector: [placeholder='Phone']
10:52:27.666  INFO  manager.MyListener - The element with locator ---> By.cssSelector: [placeholder='Phone'] <--- was found
10:52:27.855  INFO  manager.MyListener - 'Start find' element ---> By.cssSelector: [placeholder='email']
10:52:27.871  INFO  manager.MyListener - The element with locator ---> By.cssSelector: [placeholder='email'] <--- was found
10:52:28.022  INFO  manager.MyListener - 'Start find' element ---> By.cssSelector: [placeholder='Address']
10:52:28.038  INFO  manager.MyListener - The element with locator ---> By.cssSelector: [placeholder='Address'] <--- was found
10:52:28.157  INFO  manager.MyListener - 'Start find' element ---> By.cssSelector: [placeholder='description']
10:52:28.172  INFO  manager.MyListener - The element with locator ---> By.cssSelector: [placeholder='description'] <--- was found
10:52:28.345  INFO  manager.MyListener - 'Start find' element ---> By.cssSelector: b
10:52:28.365  INFO  manager.MyListener - The element with locator ---> By.cssSelector: b <--- was found
10:52:28.444  INFO  manager.MyListener - 'Start find' element ---> By.cssSelector: h2
10:52:28.758  INFO  manager.MyListener - The element with locator ---> By.cssSelector: h2 <--- was found
10:52:29.161  INFO  manager.MyListener - 'Start find' element ---> By.cssSelector: h3
10:52:29.174  INFO  manager.MyListener - The element with locator ---> By.cssSelector: h3 <--- was found
