20:49:37.275  INFO  manager.ApplicationManager - Tests start in ChromeDriver
20:49:40.658  INFO  manager.ApplicationManager - The lint is --> https://contacts-app.tobbymarshall815.vercel.app/home
20:49:40.727  INFO  tests.TestBase - Start test --->loginSuccessNew
20:49:40.737  INFO  manager.MyListener - 'Start find' element ---> By.xpath: //button[text()='Sign Out']
20:49:45.787  INFO  manager.MyListener - The element with locator ---> By.xpath: //button[text()='Sign Out'] <--- was found
20:49:45.789  INFO  tests.TestBase - Tests start with email : noa@gmail.comand password : Nnoa12345$
20:49:45.789  INFO  manager.MyListener - 'Start find' element ---> By.cssSelector: [href='/login']
20:49:45.805  INFO  manager.MyListener - The element with locator ---> By.cssSelector: [href='/login'] <--- was found
20:49:46.028  INFO  manager.MyListener - 'Start find' element ---> By.xpath: //input[1]
20:49:46.055  INFO  manager.MyListener - The element with locator ---> By.xpath: //input[1] <--- was found
20:49:46.548  INFO  manager.MyListener - 'Start find' element ---> By.xpath: //input[2]
20:49:46.570  INFO  manager.MyListener - The element with locator ---> By.xpath: //input[2] <--- was found
20:49:46.920  INFO  manager.MyListener - 'Start find' element ---> By.xpath: //*[text()=' Login']
20:49:46.966  INFO  manager.MyListener - The element with locator ---> By.xpath: //*[text()=' Login'] <--- was found
20:49:47.171  INFO  manager.MyListener - 'Start find' element ---> By.xpath: //*[text()='Sign Out']
20:49:47.773  INFO  manager.MyListener - The element with locator ---> By.xpath: //*[text()='Sign Out'] <--- was found
20:49:47.778  INFO  tests.TestBase - test passed
20:49:47.782  INFO  tests.TestBase - Start test --->loginSuccessNew
20:49:47.784  INFO  manager.MyListener - 'Start find' element ---> By.xpath: //button[text()='Sign Out']
20:49:47.806  INFO  manager.MyListener - The element with locator ---> By.xpath: //button[text()='Sign Out'] <--- was found
20:49:47.807  INFO  manager.MyListener - 'Start find' element ---> By.xpath: //button[text()='Sign Out']
20:49:47.834  INFO  manager.MyListener - The element with locator ---> By.xpath: //button[text()='Sign Out'] <--- was found
20:49:47.914  INFO  tests.TestBase - Tests start with email : noa@gmail.comand password : Nnoa12345$
20:49:47.915  INFO  manager.MyListener - 'Start find' element ---> By.cssSelector: [href='/login']
20:49:47.980  INFO  manager.MyListener - The element with locator ---> By.cssSelector: [href='/login'] <--- was found
20:49:48.070  INFO  manager.MyListener - 'Start find' element ---> By.xpath: //input[1]
20:49:48.087  INFO  manager.MyListener - The element with locator ---> By.xpath: //input[1] <--- was found
20:49:48.435  INFO  manager.MyListener - 'Start find' element ---> By.xpath: //input[2]
20:49:48.448  INFO  manager.MyListener - The element with locator ---> By.xpath: //input[2] <--- was found
20:49:48.787  INFO  manager.MyListener - 'Start find' element ---> By.xpath: //*[text()=' Login']
20:49:48.806  INFO  manager.MyListener - The element with locator ---> By.xpath: //*[text()=' Login'] <--- was found
20:49:48.907  INFO  manager.MyListener - 'Start find' element ---> By.xpath: //*[text()='Sign Out']
20:49:49.044  INFO  manager.MyListener - The element with locator ---> By.xpath: //*[text()='Sign Out'] <--- was found
20:49:49.046  INFO  tests.TestBase - test passed
20:49:49.052  INFO  tests.TestBase - Start test --->loginSuccessNew
20:49:49.072  INFO  manager.MyListener - 'Start find' element ---> By.xpath: //button[text()='Sign Out']
20:49:49.102  INFO  manager.MyListener - The element with locator ---> By.xpath: //button[text()='Sign Out'] <--- was found
20:49:49.103  INFO  manager.MyListener - 'Start find' element ---> By.xpath: //button[text()='Sign Out']
20:49:49.227  INFO  manager.MyListener - The element with locator ---> By.xpath: //button[text()='Sign Out'] <--- was found
20:49:49.376  INFO  tests.TestBase - Tests start with email : noa@gmail.comand password : Nnoa12345$
20:49:49.377  INFO  manager.MyListener - 'Start find' element ---> By.cssSelector: [href='/login']
20:49:49.399  INFO  manager.MyListener - The element with locator ---> By.cssSelector: [href='/login'] <--- was found
20:49:49.488  INFO  manager.MyListener - 'Start find' element ---> By.xpath: //input[1]
20:49:49.506  INFO  manager.MyListener - The element with locator ---> By.xpath: //input[1] <--- was found
20:49:49.907  INFO  manager.MyListener - 'Start find' element ---> By.xpath: //input[2]
20:49:49.925  INFO  manager.MyListener - The element with locator ---> By.xpath: //input[2] <--- was found
20:49:50.105  INFO  manager.MyListener - 'Start find' element ---> By.xpath: //*[text()=' Login']
20:49:50.149  INFO  manager.MyListener - The element with locator ---> By.xpath: //*[text()=' Login'] <--- was found
20:49:50.381  INFO  manager.MyListener - 'Start find' element ---> By.xpath: //*[text()='Sign Out']
20:49:50.606  INFO  manager.MyListener - The element with locator ---> By.xpath: //*[text()='Sign Out'] <--- was found
20:49:50.607  INFO  tests.TestBase - test passed
20:49:50.609  INFO  tests.TestBase - Start test --->loginSuccessNew
20:49:50.609  INFO  manager.MyListener - 'Start find' element ---> By.xpath: //button[text()='Sign Out']
20:49:50.693  INFO  manager.MyListener - The element with locator ---> By.xpath: //button[text()='Sign Out'] <--- was found
20:49:50.694  INFO  manager.MyListener - 'Start find' element ---> By.xpath: //button[text()='Sign Out']
20:49:50.710  INFO  manager.MyListener - The element with locator ---> By.xpath: //button[text()='Sign Out'] <--- was found
20:49:50.993  INFO  tests.TestBase - Tests start with email : noa@gmail.comand password : Nnoa12345$
20:49:50.994  INFO  manager.MyListener - 'Start find' element ---> By.cssSelector: [href='/login']
20:49:51.038  INFO  manager.MyListener - The element with locator ---> By.cssSelector: [href='/login'] <--- was found
20:49:51.097  INFO  manager.MyListener - 'Start find' element ---> By.xpath: //input[1]
20:49:51.108  INFO  manager.MyListener - The element with locator ---> By.xpath: //input[1] <--- was found
20:49:51.499  INFO  manager.MyListener - 'Start find' element ---> By.xpath: //input[2]
20:49:51.510  INFO  manager.MyListener - The element with locator ---> By.xpath: //input[2] <--- was found
20:49:51.822  INFO  manager.MyListener - 'Start find' element ---> By.xpath: //*[text()=' Login']
20:49:51.841  INFO  manager.MyListener - The element with locator ---> By.xpath: //*[text()=' Login'] <--- was found
20:49:51.891  INFO  manager.MyListener - 'Start find' element ---> By.xpath: //*[text()='Sign Out']
20:49:52.179  INFO  manager.MyListener - The element with locator ---> By.xpath: //*[text()='Sign Out'] <--- was found
20:49:52.179  INFO  tests.TestBase - test passed
