19:27:53.000  INFO  manager.ApplicationManager - Tests start in ChromeDriver
19:27:54.112  INFO  manager.ApplicationManager - The lint is --> https://contacts-app.tobbymarshall815.vercel.app/home
19:27:54.165  INFO  tests.TestBase - Start test --->addNewContactSuccessDataProviderCSV
19:27:54.167  INFO  manager.MyListener - 'Start find' element ---> By.xpath: //button[text()='Sign Out']
19:27:59.216  INFO  manager.MyListener - The element with locator ---> By.xpath: //button[text()='Sign Out'] <--- was found
19:27:59.219  INFO  manager.MyListener - 'Start find' element ---> By.cssSelector: [href='/login']
19:27:59.249  INFO  manager.MyListener - The element with locator ---> By.cssSelector: [href='/login'] <--- was found
19:27:59.377  INFO  manager.MyListener - 'Start find' element ---> By.xpath: //input[1]
19:27:59.419  INFO  manager.MyListener - The element with locator ---> By.xpath: //input[1] <--- was found
19:27:59.879  INFO  manager.MyListener - 'Start find' element ---> By.xpath: //input[2]
19:27:59.897  INFO  manager.MyListener - The element with locator ---> By.xpath: //input[2] <--- was found
19:28:00.096  INFO  manager.MyListener - 'Start find' element ---> By.xpath: //*[text()=' Login']
19:28:00.119  INFO  manager.MyListener - The element with locator ---> By.xpath: //*[text()=' Login'] <--- was found
19:28:00.228  INFO  manager.MyListener - 'Start find' element ---> By.cssSelector: [href='/add']
19:28:00.829  INFO  manager.MyListener - The element with locator ---> By.cssSelector: [href='/add'] <--- was found
19:28:00.921  INFO  manager.MyListener - 'Start find' element ---> By.cssSelector: [placeholder='Name']
19:28:00.957  INFO  manager.MyListener - The element with locator ---> By.cssSelector: [placeholder='Name'] <--- was found
19:28:01.182  INFO  manager.MyListener - 'Start find' element ---> By.cssSelector: [placeholder='Last Name']
19:28:01.203  INFO  manager.MyListener - The element with locator ---> By.cssSelector: [placeholder='Last Name'] <--- was found
19:28:01.357  INFO  manager.MyListener - 'Start find' element ---> By.cssSelector: [placeholder='Phone']
19:28:01.403  INFO  manager.MyListener - The element with locator ---> By.cssSelector: [placeholder='Phone'] <--- was found
19:28:01.601  INFO  manager.MyListener - 'Start find' element ---> By.cssSelector: [placeholder='email']
19:28:01.618  INFO  manager.MyListener - The element with locator ---> By.cssSelector: [placeholder='email'] <--- was found
19:28:01.809  INFO  manager.MyListener - 'Start find' element ---> By.cssSelector: [placeholder='Address']
19:28:01.826  INFO  manager.MyListener - The element with locator ---> By.cssSelector: [placeholder='Address'] <--- was found
19:28:01.966  INFO  manager.MyListener - 'Start find' element ---> By.cssSelector: [placeholder='description']
19:28:01.991  INFO  manager.MyListener - The element with locator ---> By.cssSelector: [placeholder='description'] <--- was found
19:28:02.120  INFO  manager.MyListener - 'Start find' element ---> By.cssSelector: b
19:28:02.141  INFO  manager.MyListener - The element with locator ---> By.cssSelector: b <--- was found
19:28:02.234  INFO  manager.MyListener - 'Start find' element ---> By.cssSelector: h2
19:28:02.549  INFO  manager.MyListener - The element with locator ---> By.cssSelector: h2 <--- was found
19:28:02.638  INFO  manager.MyListener - 'Start find' element ---> By.cssSelector: h3
19:28:02.655  INFO  manager.MyListener - The element with locator ---> By.cssSelector: h3 <--- was found
19:28:02.707  INFO  tests.TestBase - Start test --->addNewContactSuccessDataProviderCSV
19:28:02.709  INFO  manager.MyListener - 'Start find' element ---> By.xpath: //button[text()='Sign Out']
19:28:02.722  INFO  manager.MyListener - The element with locator ---> By.xpath: //button[text()='Sign Out'] <--- was found
19:28:02.723  INFO  manager.MyListener - 'Start find' element ---> By.cssSelector: [href='/add']
19:28:02.736  INFO  manager.MyListener - The element with locator ---> By.cssSelector: [href='/add'] <--- was found
19:28:02.819  INFO  manager.MyListener - 'Start find' element ---> By.cssSelector: [placeholder='Name']
19:28:02.849  INFO  manager.MyListener - The element with locator ---> By.cssSelector: [placeholder='Name'] <--- was found
19:28:03.065  INFO  manager.MyListener - 'Start find' element ---> By.cssSelector: [placeholder='Last Name']
19:28:03.075  INFO  manager.MyListener - The element with locator ---> By.cssSelector: [placeholder='Last Name'] <--- was found
19:28:03.207  INFO  manager.MyListener - 'Start find' element ---> By.cssSelector: [placeholder='Phone']
19:28:03.222  INFO  manager.MyListener - The element with locator ---> By.cssSelector: [placeholder='Phone'] <--- was found
19:28:03.383  INFO  manager.MyListener - 'Start find' element ---> By.cssSelector: [placeholder='email']
19:28:03.399  INFO  manager.MyListener - The element with locator ---> By.cssSelector: [placeholder='email'] <--- was found
19:28:03.571  INFO  manager.MyListener - 'Start find' element ---> By.cssSelector: [placeholder='Address']
19:28:03.596  INFO  manager.MyListener - The element with locator ---> By.cssSelector: [placeholder='Address'] <--- was found
19:28:03.750  INFO  manager.MyListener - 'Start find' element ---> By.cssSelector: [placeholder='description']
19:28:03.759  INFO  manager.MyListener - The element with locator ---> By.cssSelector: [placeholder='description'] <--- was found
19:28:03.885  INFO  manager.MyListener - 'Start find' element ---> By.cssSelector: b
19:28:03.897  INFO  manager.MyListener - The element with locator ---> By.cssSelector: b <--- was found
19:28:03.944  INFO  manager.MyListener - 'Start find' element ---> By.cssSelector: h2
19:28:04.188  INFO  manager.MyListener - The element with locator ---> By.cssSelector: h2 <--- was found
19:28:04.220  INFO  manager.MyListener - 'Start find' element ---> By.cssSelector: h3
19:28:04.233  INFO  manager.MyListener - The element with locator ---> By.cssSelector: h3 <--- was found
