17:38:23.578  INFO  manager.ApplicationManager - Tests start in ChromeDriver
17:38:24.345  INFO  manager.ApplicationManager - The lint is --> https://contacts-app.tobbymarshall815.vercel.app/home
17:38:24.387  INFO  tests.TestBase - Start test --->addNewContactSuccess
17:38:24.389  INFO  manager.MyListener - 'Start find' element ---> By.xpath: //button[text()='Sign Out']
17:38:29.437  INFO  manager.MyListener - The element with locator ---> By.xpath: //button[text()='Sign Out'] <--- was found
17:38:29.438  INFO  manager.MyListener - 'Start find' element ---> By.cssSelector: [href='/login']
17:38:29.458  INFO  manager.MyListener - The element with locator ---> By.cssSelector: [href='/login'] <--- was found
17:38:29.527  INFO  manager.MyListener - 'Start find' element ---> By.xpath: //input[1]
17:38:29.542  INFO  manager.MyListener - The element with locator ---> By.xpath: //input[1] <--- was found
17:38:29.752  INFO  manager.MyListener - 'Start find' element ---> By.xpath: //input[2]
17:38:29.768  INFO  manager.MyListener - The element with locator ---> By.xpath: //input[2] <--- was found
17:38:29.873  INFO  manager.MyListener - 'Start find' element ---> By.xpath: //*[text()=' Login']
17:38:29.887  INFO  manager.MyListener - The element with locator ---> By.xpath: //*[text()=' Login'] <--- was found
17:38:29.959  INFO  manager.MyListener - 'Start find' element ---> By.cssSelector: [href='/add']
17:38:35.015  INFO  manager.MyListener - We have a 'throwable' -- >no such element: Unable to locate element: {"method":"css selector","selector":"[href='/add']"}
  (Session info: chrome=101.0.4951.41)
For documentation on this error, please visit: https://www.seleniumhq.org/exceptions/no_such_element.html
Build info: version: '3.141.59', revision: 'e82be7d358', time: '2018-11-14T08:17:03'
System info: host: 'MBP-Taya.lan', ip: 'fe80:0:0:0:441:8644:8cc9:7d60%en0', os.name: 'Mac OS X', os.arch: 'x86_64', os.version: '10.16', java.version: '1.8.0_151'
Driver info: org.openqa.selenium.chrome.ChromeDriver
Capabilities {acceptInsecureCerts: false, browserName: chrome, browserVersion: 101.0.4951.41, chrome: {chromedriverVersion: 101.0.4951.41 (93c720db8323..., userDataDir: /var/folders/s_/hl4vhy0959g...}, goog:chromeOptions: {debuggerAddress: localhost:62313}, javascriptEnabled: true, networkConnectionEnabled: false, pageLoadStrategy: normal, platform: MAC, platformName: MAC, proxy: Proxy(), setWindowRect: true, strictFileInteractability: false, timeouts: {implicit: 0, pageLoad: 300000, script: 30000}, unhandledPromptBehavior: dismiss and notify, webauthn:extension:credBlob: true, webauthn:extension:largeBlob: true, webauthn:virtualAuthenticators: true}
Session ID: b6261155f45492d4316e5f756ab85d5f
*** Element info: {Using=css selector, value=[href='/add']}
17:38:35.016  INFO  manager.MyListener - We have a 'fill In StackTrace' -- >org.openqa.selenium.NoSuchElementException: no such element: Unable to locate element: {"method":"css selector","selector":"[href='/add']"}
  (Session info: chrome=101.0.4951.41)
For documentation on this error, please visit: https://www.seleniumhq.org/exceptions/no_such_element.html
Build info: version: '3.141.59', revision: 'e82be7d358', time: '2018-11-14T08:17:03'
System info: host: 'MBP-Taya.lan', ip: 'fe80:0:0:0:441:8644:8cc9:7d60%en0', os.name: 'Mac OS X', os.arch: 'x86_64', os.version: '10.16', java.version: '1.8.0_151'
Driver info: org.openqa.selenium.chrome.ChromeDriver
Capabilities {acceptInsecureCerts: false, browserName: chrome, browserVersion: 101.0.4951.41, chrome: {chromedriverVersion: 101.0.4951.41 (93c720db8323..., userDataDir: /var/folders/s_/hl4vhy0959g...}, goog:chromeOptions: {debuggerAddress: localhost:62313}, javascriptEnabled: true, networkConnectionEnabled: false, pageLoadStrategy: normal, platform: MAC, platformName: MAC, proxy: Proxy(), setWindowRect: true, strictFileInteractability: false, timeouts: {implicit: 0, pageLoad: 300000, script: 30000}, unhandledPromptBehavior: dismiss and notify, webauthn:extension:credBlob: true, webauthn:extension:largeBlob: true, webauthn:virtualAuthenticators: true}
Session ID: b6261155f45492d4316e5f756ab85d5f
*** Element info: {Using=css selector, value=[href='/add']}
17:38:36.066  INFO  manager.MyListener - This is the link to screen with problem -->src/test/screenshots/screen-2315.png
