09:00:32.488  INFO  manager.ApplicationManager - Tests start in ChromeDriver
09:00:33.239  INFO  manager.ApplicationManager - The lint is --> https://contacts-app.tobbymarshall815.vercel.app/home
09:00:33.285  INFO  tests.TestBase - Start test --->removeOneContact
09:00:33.294  INFO  manager.MyListener - 'Start find' element ---> By.xpath: //button[text()='Sign Out']
09:00:38.386  INFO  manager.MyListener - The element with locator ---> By.xpath: //button[text()='Sign Out'] <--- was found
09:00:38.388  INFO  manager.MyListener - 'Start find' element ---> By.cssSelector: [href='/login']
09:00:38.407  INFO  manager.MyListener - The element with locator ---> By.cssSelector: [href='/login'] <--- was found
09:00:38.506  INFO  manager.MyListener - 'Start find' element ---> By.xpath: //input[1]
09:00:38.525  INFO  manager.MyListener - The element with locator ---> By.xpath: //input[1] <--- was found
09:00:38.833  INFO  manager.MyListener - 'Start find' element ---> By.xpath: //input[2]
09:00:38.859  INFO  manager.MyListener - The element with locator ---> By.xpath: //input[2] <--- was found
09:00:39.010  INFO  manager.MyListener - 'Start find' element ---> By.xpath: //*[text()=' Login']
09:00:39.025  INFO  manager.MyListener - The element with locator ---> By.xpath: //*[text()=' Login'] <--- was found
09:00:39.107  INFO  manager.MyListener - 'Start find' element ---> By.cssSelector: .contact-item_card__2SOIM
09:00:40.365  INFO  manager.MyListener - The element with locator ---> By.cssSelector: .contact-item_card__2SOIM <--- was found
09:00:40.367  INFO  manager.MyListener - 'Start find' element ---> By.cssSelector: .contact-item_card__2SOIM
09:00:40.412  INFO  manager.MyListener - The element with locator ---> By.cssSelector: .contact-item_card__2SOIM <--- was found
09:00:40.412  INFO  manager.MyListener - 'Start find' element ---> By.cssSelector: .contact-item_card__2SOIM
09:00:40.430  INFO  manager.MyListener - The element with locator ---> By.cssSelector: .contact-item_card__2SOIM <--- was found
09:00:40.482  INFO  manager.MyListener - 'Start find' element ---> By.xpath: //button[text()='Remove']
09:00:40.512  INFO  manager.MyListener - The element with locator ---> By.xpath: //button[text()='Remove'] <--- was found
09:00:41.053  INFO  manager.MyListener - 'Start find' element ---> By.cssSelector: .contact-item_card__2SOIM
09:00:41.075  INFO  manager.MyListener - The element with locator ---> By.cssSelector: .contact-item_card__2SOIM <--- was found
